Log created: 2022-05-20T14:22:18.870672800Z
Process ID:  43672 (0xaa98)
Parent PID:  41128 (0xa0a8)
Executable:  C:\Program Files\Oracle\VirtualBox\VBoxManage.exe
Commandline: "C:/Program Files/Oracle/VirtualBox/VBoxManage.exe" showvminfo 3c659a15-a940-4858-9fa1-6b83d4a62d66 --machinereadable

!!Assertion Failed!!
Expression: RT_SUCCESS_NP(rc)
Location  : F:\tinderbox\win-6.1\src\VBox\Runtime\common\misc\thread.cpp(822) int __cdecl RTThreadCreate(struct RTTHREADINT **,int (__cdecl *)(struct RTTHREADINT *,void *),void *,unsigned __int64,enum RTTHREADTYPE,unsigned int,const char *)
Stack     :
00007ffc2da9f100

VERR_INVALID_PARAMETER (-2) - Invalid parameter.

!!! rtR3WinUnhandledXcptFilter caught an exception on thread 000000000000ae40!!!

ExceptionCode=0x80000003 ExceptionFlags=0x00000000 ExceptionAddress=00007ffc2dab2578
ExceptionInformation[0]=0000000000000000

cs:rip=0033:00007ffc2dab2578
ss:rsp=002b:00000000005fdf40 rbp=0000000000000000
rax=0000000000000001 rcx=b86c66fbaf610000 rdx=0000000000000000 rbx=00000000fffffffe
rsi=0000000000dec010 rdi=0000000000ded060 rsp=00000000005fdf40 rbp=0000000000000000
r8 =0000000000000000 r9 =00000000005fde68 r10=0000000000000011 r11=8101010101010100
r12=0000000000debf30 r13=0000000000000000 r14=00000000005ff0e0 r15=0000000000000000
ds=002b es=002b fs=0053 gs=002b eflags=00000202
p1home=00000000008d12c0 p2home=0000000000000012 pe3home=00000000fffffffe
p4home=00000000008d1a70 p5home=00000000005fd220 pe6home=00000000005fd220
   LastBranchToRip=0000000000000000    LastBranchFromRip=0000000000000000
LastExceptionToRip=0000000000000000 LastExceptionFromRip=0000000000000000

Stack 00000000005fc880, dumping 0x3780 bytes (low=0000000000500000, high=0000000000600000)
00000000005fc880/0000: 80 c8 5f 00 00 00 00 00-73 74 61 63 6b 6d 61 72 .._.....stackmar
00000000005fc890/0010: 6b 65 72 00 00 00 00 00-00 30 1e 00 00 00 00 00 ker......0......
00000000005fc8a0/0020: 00 10 00 00 20 00 00 00-80 ca 5f 00 00 00 00 00 .... ....._.....
00000000005fc8b0/0030: 01 00 00 00 00 00 00 00-ff ff ff ff ff ff ff ff ................
00000000005fc8c0/0040: 00 00 00 00 00 00 00 00-60 46 b5 2d fc 7f 00 00 ........`F.-....
00000000005fc8d0/0050: 30 fc 5f 00 00 00 00 00-00 00 00 00 00 00 00 00 0._.............
00000000005fc8e0/0060: 98 29 69 68 fc 7f 00 00-27 ff 50 68 fc 7f 00 00 .)ih....'.Ph....
00000000005fc8f0/0070: 80 ca 5f 00 00 00 00 00-78 25 ab 2d fc 7f 00 00 .._.....x%.-....
00000000005fc900/0080: 00 00 60 00 00 00 00 00-00 00 50 00 00 00 00 00 ..`.......P.....
00000000005fc910/0090: 00 00 00 00 00 00 00 00-01 00 00 00 00 00 00 00 ................
00000000005fc920/00a0: 06 00 00 00 00 00 00 00-04 00 00 00 01 00 00 00 ................
00000000005fc930/00b0: 08 00 00 00 00 00 00 00-00 00 00 00 00 00 00 00 ................
00000000005fc940/00c0: 10 10 00 00 00 00 00 00-00 10 00 00 00 00 00 00 ................
00000000005fc950/00d0: 80 ca 5f 00 00 00 00 00-b0 07 8c 6a fc 7f 00 00 .._........j....
00000000005fc960/00e0: 81 00 00 00 00 00 00 00-b0 07 8c 6a fc 7f 00 00 ...........j....
00000000005fc970/00f0: 00 00 de 00 00 00 00 00-1b 99 44 68 fc 7f 00 00 ..........Dh....
00000000005fc980/0100: 00 10 00 00 00 00 00 00-1b 99 44 68 fc 7f 00 00 ..........Dh....
00000000005fc990/0110: 01 66 a4 66 6c b8 00 00-a4 c9 5f 00 00 00 00 00 .f.fl....._.....
00000000005fc9a0/0120: 11 66 a4 66 6c b8 00 00-da 20 3e 77 00 00 00 00 .f.fl.... >w....
00000000005fc9b0/0130: 73 26 05 00 00 00 00 00-24 2a 9e 6a fc 7f 00 00 s&......$*.j....
00000000005fc9c0/0140: 00 00 00 00 00 00 00 00-00 00 87 6a fc 7f 00 00 ...........j....
00000000005fc9d0/0150: ff bf f3 73 02 ba 00 00-30 cb 5f 00 00 00 00 00 ...s....0._.....
00000000005fc9e0/0160: 00 00 87 6a fc 7f 00 00-80 d0 5f 00 00 00 00 00 ...j......_.....
00000000005fc9f0/0170: 30 fc 5f 00 00 00 00 00-f0 d6 5f 00 00 00 00 00 0._......._.....
00000000005fca00/0180: 00 00 00 00 00 00 00 00-b0 51 91 6a fc 7f 00 00 .........Q.j....
00000000005fca10/0190: 30 cb 5f 00 00 00 00 00-2c 66 9b 6a fc 7f 00 00 0._.....,f.j....
00000000005fca20/01a0: 00 00 00 00 00 00 00 00-c8 ca 5f 00 00 00 00 00 .........._.....
00000000005fca30/01b0: 51 26 8c 6a fc 7f 00 00-01 00 00 00 00 00 00 00 Q&.j............
00000000005fca40/01c0: 51 26 05 00 00 00 00 00-66 c7 8f 6a fc 7f 00 00 Q&......f..j....
00000000005fca50/01d0: 24 2a 9e 6a fc 7f 00 00-00 00 87 6a fc 7f 00 00 $*.j.......j....
00000000005fca60/01e0: 30 cb 5f 00 00 00 00 00-7b 0e 8a 6a fc 7f 00 00 0._.....{..j....
00000000005fca70/01f0: 51 26 8c 6a fc 7f 00 00-00 00 00 00 00 00 00 00 Q&.j............
00000000005fca80/0200: f0 d6 5f 00 00 00 00 00-00 d2 5f 00 00 00 00 00 .._......._.....
00000000005fca90/0210: 00 d2 5f 00 00 00 00 00-30 cb 5f 00 00 00 00 00 .._.....0._.....
00000000005fcaa0/0220: 00 00 00 00 00 00 00 00-d0 c6 8f 6a fc 7f 00 00 ...........j....
00000000005fcab0/0230: 00 00 00 00 00 00 00 00-9f 20 91 6a fc 7f 00 00 ......... .j....
00000000005fcac0/0240: 00 00 00 00 00 00 00 00-30 d0 5f 00 00 00 00 00 ........0._.....
00000000005fcad0/0250: f0 d6 5f 00 00 00 00 00-00 00 00 00 00 00 00 00 .._.............
00000000005fcae0/0260: 80 d0 5f 00 00 00 00 00-54 14 8c 6a fc 7f 00 00 .._.....T..j....
00000000005fcaf0/0270: 00 00 00 00 00 00 00 00-30 d0 5f 00 00 00 00 00 ........0._.....
00000000005fcb00/0280: f0 d6 5f 00 00 00 00 00-00 00 00 00 00 00 00 00 .._.............
00000000005fcb10/0290: 30 cb 5f 00 00 00 00 00-50 d0 5f 00 00 00 00 00 0._.....P._.....
00000000005fcb20/02a0: 40 d0 5f 00 00 00 00 00-00 00 00 00 00 00 00 00 @._.............
00000000005fcb30/02b0: 20 26 47 77 00 00 00 00-00 00 00 00 00 00 00 00  &Gw............
00000000005fcb40/02c0: 00 00 00 00 00 00 00 00-cf ff ff ff 00 00 00 00 ................
00000000005fcb50/02d0: 31 00 00 00 00 00 00 00-a8 38 41 77 00 00 00 00 1........8Aw....
00000000005fcb60/02e0: 0f 00 10 00 80 1f 00 00-33 00 5f 00 00 00 00 00 ........3._.....
00000000005fcb70/02f0: 20 26 2b 00 02 02 00 00-70 cc 5f 00 00 00 00 00  &+.....p._.....
00000000005fcb80/0300: 70 08 de 00 00 00 00 00-00 e8 d7 2d fc 7f 00 00 p..........-....
00000000005fcb90/0310: fe ff ff ff 00 00 00 00-18 e8 d7 2d fc 7f 00 00 ...........-....
00000000005fcba0/0320: 31 00 00 00 ff ff ff ff-31 00 00 00 00 00 00 00 1.......1.......
00000000005fcbb0/0330: 1e 00 00 00 00 00 00 00-00 00 00 00 00 00 00 00 ................
00000000005fcbc0/0340: 00 00 00 00 00 00 00 00-b0 fc 5f 00 00 00 00 00 .........._.....
00000000005fcbd0/0350: 00 00 00 00 00 00 00 00-00 00 00 00 00 00 00 00 ................
00000000005fcbe0/0360: 00 00 00 00 00 00 00 00-a0 2c de 00 00 00 00 00 .........,......
00000000005fcbf0/0370: 60 08 de 00 00 00 00 00-01 ce 5f 00 00 00 00 00 `........._.....
00000000005fcc00/0380: 70 08 de 00 00 00 00 00-00 00 00 00 00 00 00 00 p...............
00000000005fcc10/0390: 00 00 00 00 00 00 00 00-00 00 00 00 00 00 00 00 ................
00000000005fcc20/03a0: 00 00 00 00 00 00 00 00-00 00 00 00 00 00 00 00 ................
00000000005fcc30/03b0: 7f 02 00 00 00 00 00 00-00 00 00 00 00 00 00 00 ................
00000000005fcc40/03c0: 00 00 00 00 00 00 00 00-80 1f 00 00 ff ff 00 00 ................
00000000005fcc50/03d0: 00 00 00 00 00 00 00 00-00 00 00 00 00 00 00 00 ................
**************** ****  <ditto x 7>
00000000005fccd0/0450: ff ff ff ff 00 00 00 00-ff ff ff ff 00 00 00 00 ................
00000000005fcce0/0460: 00 00 00 00 00 00 00 00-00 00 00 00 00 00 00 00 ................
00000000005fccf0/0470: 20 cd 5f 00 00 00 00 00-80 00 93 02 00 00 00 00  ._.............
00000000005fcd00/0480: 31 00 00 00 00 00 00 00-00 00 00 00 00 00 00 00 1...............
00000000005fcd10/0490: 00 00 00 00 00 00 00 00-35 3b b5 2d fc 7f 00 00 ........5;.-....
00000000005fcd20/04a0: 00 00 00 00 00 00 00 00-31 00 00 00 00 00 00 00 ........1.......
00000000005fcd30/04b0: 00 00 00 00 00 00 00 00-00 00 00 00 00 00 00 00 ................
**************** ****  <ditto x 9>
00000000005fcdd0/0550: 02 00 00 00 00 00 00 00-b0 07 8c 6a fc 7f 00 00 ...........j....
00000000005fcde0/0560: b0 00 00 00 00 00 00 00-31 00 00 00 00 00 00 00 ........1.......
00000000005fcdf0/0570: 31 00 00 00 00 00 00 00-1b 99 44 68 fc 7f 00 00 1.........Dh....
00000000005fce00/0580: e0 f0 5f 00 00 00 00 00-00 00 00 00 00 00 00 00 .._.............
00000000005fce10/0590: 81 62 a4 66 6c b8 00 00-31 00 00 00 00 00 00 00 .b.fl...1.......
00000000005fce20/05a0: e0 ce 5f 00 00 00 00 00-da 20 3e 77 00 00 00 00 .._...... >w....
00000000005fce30/05b0: 00 00 00 00 00 00 00 00-b0 07 8c 6a fc 7f 00 00 ...........j....
00000000005fce40/05c0: 00 00 00 00 00 00 00 00-d0 ce 5f 00 00 00 00 00 .........._.....
00000000005fce50/05d0: 90 97 da 2d fc 7f 00 00-95 56 3e 77 00 00 00 00 ...-.....V>w....
00000000005fce60/05e0: e0 ce 5f 00 00 00 00 00-80 00 93 02 00 00 00 00 .._.............
00000000005fce70/05f0: 21 61 a4 66 6c b8 00 00-20 26 47 77 00 00 00 00 !a.fl... &Gw....
00000000005fce80/0600: 00 00 00 00 00 00 00 00-ce 1a b5 2d fc 7f 00 00 ...........-....
00000000005fce90/0610: 00 00 00 00 fc 7f 00 00-30 bf de 00 00 00 00 00 ........0.......
00000000005fcea0/0620: 20 26 47 77 00 00 00 00-80 00 93 02 00 00 00 00  &Gw............
00000000005fceb0/0630: 48 df 5f 00 00 00 00 00-86 f3 a9 2d fc 7f 00 00 H._........-....
00000000005fcec0/0640: 20 26 47 77 00 00 00 00-48 df 5f 00 00 00 00 00  &Gw....H._.....
00000000005fced0/0650: 00 cf 5f 00 00 00 00 00-00 00 00 00 00 00 00 00 .._.............
00000000005fcee0/0660: 17 01 52 19 00 00 00 00-00 00 00 00 16 00 00 00 ..R.............
00000000005fcef0/0670: 36 03 00 00 fc 7f 00 00-d0 99 da 2d fc 7f 00 00 6..........-....
00000000005fcf00/0680: 56 45 52 52 5f 49 4e 56-41 4c 49 44 5f 50 41 52 VERR_INVALID_PAR
00000000005fcf10/0690: 41 4d 45 54 45 52 20 28-2d 32 29 20 2d 20 49 6e AMETER (-2) - In
00000000005fcf20/06a0: 76 61 6c 69 64 20 70 61-72 61 6d 65 74 65 72 2e valid parameter.
00000000005fcf30/06b0: 0a 00 30 30 37 66 66 63-32 64 61 39 66 31 30 30 ..007ffc2da9f100
00000000005fcf40/06c0: 0a 00 44 6a fc 7f 00 00-11 98 23 6a fc 7f 00 00 ..Dj......#j....
00000000005fcf50/06d0: 02 00 00 00 00 00 00 00-60 d0 5f 00 00 00 00 00 ........`._.....
00000000005fcf60/06e0: 60 5c 44 6a fc 7f 00 00-30 00 00 00 00 00 00 00 `\Dj....0.......
00000000005fcf70/06f0: 02 00 00 00 00 00 00 00-6a 3f 8b 6a fc 7f 00 00 ........j?.j....
00000000005fcf80/0700: 02 00 00 00 00 00 00 00-23 1d 8c 6a fc 7f 00 00 ........#..j....
00000000005fcf90/0710: 58 5c 44 6a fc 7f 00 00-60 a0 8f 00 00 00 00 00 X\Dj....`.......
00000000005fcfa0/0720: 01 00 00 00 00 00 00 00-9c 1d 8c 6a fc 7f 00 00 ...........j....
00000000005fcfb0/0730: e0 f0 5f 00 00 00 00 00-73 1c 8c 6a fc 7f 00 00 .._.....s..j....
00000000005fcfc0/0740: 30 bf de 00 00 00 00 00-60 d0 de 00 00 00 00 00 0.......`.......
00000000005fcfd0/0750: 10 00 00 00 01 00 00 00-00 00 00 00 00 00 00 00 ................
00000000005fcfe0/0760: 0b 00 10 00 00 00 00 00-ff 12 8c 6a fc 7f 00 00 ...........j....
00000000005fcff0/0770: 00 00 00 00 00 00 00 00-00 d2 5f 00 00 00 00 00 .........._.....
00000000005fd000/0780: 30 fb ff ff e8 04 00 00-30 fb ff ff d0 04 00 00 0.......0.......
00000000005fd010/0790: 19 00 00 00 00 00 00 00-00 00 00 00 03 00 00 00 ................
00000000005fd020/07a0: 00 14 8d 00 00 00 00 00-03 00 00 00 00 00 00 00 ................
00000000005fd030/07b0: 00 02 85 00 00 00 00 00-d0 d0 5f 00 00 00 00 00 .........._.....
00000000005fd040/07c0: 30 fc 5f 00 00 00 00 00-00 00 87 6a fc 7f 00 00 0._........j....
00000000005fd050/07d0: 2c 66 9b 6a fc 7f 00 00-00 00 00 00 00 00 00 00 ,f.j............
00000000005fd060/07e0: 00 00 60 00 00 00 00 00-00 90 5f 00 00 00 00 00 ..`......._.....
00000000005fd070/07f0: 00 d2 5f 00 00 00 00 00-30 00 00 00 00 00 00 00 .._.....0.......
00000000005fd080/0800: 51 26 8c 6a fc 7f 00 00-00 00 87 6a fc 7f 00 00 Q&.j.......j....
00000000005fd090/0810: 24 2a 9e 6a fc 7f 00 00-30 fc 5f 00 00 00 00 00 $*.j....0._.....
00000000005fd0a0/0820: 38 d8 5f 00 00 00 00 00-30 cb 5f 00 00 00 00 00 8._.....0._.....
00000000005fd0b0/0830: d0 c6 8f 6a fc 7f 00 00-2c 66 9b 6a fc 7f 00 00 ...j....,f.j....
00000000005fd0c0/0840: d0 d0 5f 00 00 00 00 00-00 00 00 00 00 00 00 00 .._.............
00000000005fd0d0/0850: 0c 00 00 00 00 00 00 00-00 e4 0b 2d fc 7f 00 00 ...........-....
00000000005fd0e0/0860: 68 d0 1e 6a fc 7f 00 00-00 00 9e 2d fc 7f 00 00 h..j.......-....
00000000005fd0f0/0870: 90 d8 f8 2d fc 7f 00 00-00 00 01 2d fc 7f 00 00 ...-.......-....
00000000005fd100/0880: 50 a7 35 2d fc 7f 00 00-00 00 01 2d fc 7f 00 00 P.5-.......-....
00000000005fd110/0890: 5c a7 35 2d fc 7f 00 00-00 00 01 2d fc 7f 00 00 \.5-.......-....
00000000005fd120/08a0: 90 f4 35 2d fc 7f 00 00-00 00 01 2d fc 7f 00 00 ..5-.......-....
00000000005fd130/08b0: c0 f4 35 2d fc 7f 00 00-00 00 14 6a fc 7f 00 00 ..5-.......j....
00000000005fd140/08c0: 1c 83 44 6a fc 7f 00 00-00 00 14 6a fc 7f 00 00 ..Dj.......j....
00000000005fd150/08d0: 40 01 45 6a fc 7f 00 00-00 00 14 6a fc 7f 00 00 @.Ej.......j....
00000000005fd160/08e0: c4 a1 44 6a fc 7f 00 00-00 00 14 6a fc 7f 00 00 ..Dj.......j....
00000000005fd170/08f0: 28 a4 44 6a fc 7f 00 00-00 00 14 6a fc 7f 00 00 (.Dj.......j....
00000000005fd180/0900: a8 ab 44 6a fc 7f 00 00-00 00 14 6a fc 7f 00 00 ..Dj.......j....
00000000005fd190/0910: 1c 9e 44 6a fc 7f 00 00-00 00 14 6a fc 7f 00 00 ..Dj.......j....
00000000005fd1a0/0920: 58 a4 44 6a fc 7f 00 00-60 00 00 00 00 00 00 00 X.Dj....`.......
00000000005fd1b0/0930: 51 7f a4 66 6c b8 00 00-40 00 00 00 00 00 00 00 Q..fl...@.......
00000000005fd1c0/0940: 00 00 00 00 00 00 00 00-e0 f0 5f 00 00 00 00 00 .........._.....
00000000005fd1d0/0950: 00 00 00 00 00 00 00 00-30 bf de 00 00 00 00 00 ........0.......
00000000005fd1e0/0960: 60 d0 de 00 00 00 00 00-10 c0 de 00 00 00 00 00 `...............
00000000005fd1f0/0970: 00 00 00 00 00 00 00 00-ce 0b 91 6a fc 7f 00 00 ...........j....
00000000005fd200/0980: c0 12 8d 00 00 00 00 00-12 00 00 00 00 00 00 00 ................
00000000005fd210/0990: fe ff ff ff 00 00 00 00-70 1a 8d 00 00 00 00 00 ........p.......
00000000005fd220/09a0: 20 d2 5f 00 00 00 00 00-20 d2 5f 00 00 00 00 00  ._..... ._.....
00000000005fd230/09b0: 5f 00 10 00 80 1f 00 00-33 00 2b 00 2b 00 53 00 _.......3.+.+.S.
00000000005fd240/09c0: 2b 00 2b 00 02 02 00 00-00 00 00 00 00 00 00 00 +.+.............
00000000005fd250/09d0: 00 00 00 00 00 00 00 00-00 00 00 00 00 00 00 00 ................
00000000005fd260/09e0: 00 00 00 00 00 00 00 00-00 00 00 00 00 00 00 00 ................
00000000005fd270/09f0: 00 00 00 00 00 00 00 00-01 00 00 00 00 00 00 00 ................
00000000005fd280/0a00: 00 00 61 af fb 66 6c b8-00 00 00 00 00 00 00 00 ..a..fl.........
00000000005fd290/0a10: fe ff ff ff 00 00 00 00-40 df 5f 00 00 00 00 00 ........@._.....
00000000005fd2a0/0a20: 00 00 00 00 00 00 00 00-10 c0 de 00 00 00 00 00 ................
00000000005fd2b0/0a30: 60 d0 de 00 00 00 00 00-00 00 00 00 00 00 00 00 `...............
00000000005fd2c0/0a40: 68 de 5f 00 00 00 00 00-11 00 00 00 00 00 00 00 h._.............
00000000005fd2d0/0a50: 00 01 01 01 01 01 01 81-30 bf de 00 00 00 00 00 ........0.......
00000000005fd2e0/0a60: 00 00 00 00 00 00 00 00-e0 f0 5f 00 00 00 00 00 .........._.....
00000000005fd2f0/0a70: 00 00 00 00 00 00 00 00-78 25 ab 2d fc 7f 00 00 ........x%.-....
00000000005fd300/0a80: 7f 02 00 00 00 00 00 00-00 00 00 00 00 00 00 00 ................
00000000005fd310/0a90: 00 00 00 00 00 00 00 00-80 1f 00 00 ff ff 00 00 ................
00000000005fd320/0aa0: 00 00 00 00 00 00 00 00-00 00 00 00 00 00 00 00 ................
**************** ****  <ditto x 7>
00000000005fd3a0/0b20: 80 9f de 00 00 00 00 00-a0 2c de 00 00 00 00 00 .........,......
00000000005fd3b0/0b30: 00 00 00 00 00 00 00 00-00 00 00 00 00 00 00 00 ................
**************** ****  <ditto x 14>
00000000005fd4a0/0c20: 00 00 00 00 00 00 00 00-01 00 00 00 00 00 00 00 ................
00000000005fd4b0/0c30: 80 00 00 00 00 00 00 00-9d 57 a7 a5 c6 1d 00 00 .........W......
00000000005fd4c0/0c40: 38 d8 5f 00 00 00 00 00-00 00 00 00 00 00 00 00 8._.............
00000000005fd4d0/0c50: 50 d9 5f 00 00 00 00 00-a8 b6 3c 6a fc 7f 00 00 P._.......<j....
00000000005fd4e0/0c60: 38 d8 5f 00 00 00 00 00-50 d9 5f 00 00 00 00 00 8._.....P._.....
00000000005fd4f0/0c70: 60 d6 5f 00 00 00 00 00-54 e0 1d 6a fc 7f 00 00 `._.....T..j....
00000000005fd500/0c80: 60 72 8f 00 00 00 00 00-00 4d 8b 00 00 00 00 00 `r.......M......
00000000005fd510/0c90: b0 d6 5f 00 00 00 00 00-40 9f 8f 00 00 00 00 00 .._.....@.......
00000000005fd520/0ca0: 48 4f 3b 6a fc 7f 00 00-00 00 00 00 00 00 00 00 HO;j............
00000000005fd530/0cb0: 00 00 00 00 00 00 00 00-00 00 00 00 00 00 00 00 ................
00000000005fd540/0cc0: 00 00 00 00 00 00 00 00-00 00 00 00 00 00 00 00 ................
00000000005fd550/0cd0: f0 c0 8b 00 00 00 00 00-92 9d 1d 6a fc 7f 00 00 ...........j....
00000000005fd560/0ce0: 60 d6 5f 00 00 00 00 00-40 9f 8f 00 00 00 00 00 `._.....@.......
00000000005fd570/0cf0: c4 98 00 00 00 00 00 00-00 00 00 00 00 00 00 00 ................
00000000005fd580/0d00: 00 52 8f 00 00 00 00 00-00 52 8f 00 00 00 00 00 .R.......R......
00000000005fd590/0d10: 00 00 00 00 00 00 00 00-fc e5 bd 68 fc 7f 00 00 ...........h....
00000000005fd5a0/0d20: 40 82 8f 00 00 00 00 00-00 00 00 00 00 00 00 00 @...............
00000000005fd5b0/0d30: 00 4d 8b 00 00 00 00 00-00 00 00 00 00 00 00 00 .M..............
00000000005fd5c0/0d40: f0 d4 8d 00 00 00 00 00-27 91 bd 68 fc 7f 00 00 ........'..h....
00000000005fd5d0/0d50: 40 82 8f 00 00 00 00 00-42 82 8f 00 00 00 00 00 @.......B.......
00000000005fd5e0/0d60: 00 00 00 00 00 00 00 00-00 00 00 00 00 00 00 00 ................
00000000005fd5f0/0d70: 00 00 00 00 00 00 00 00-00 00 00 00 00 00 00 00 ................
00000000005fd600/0d80: 00 71 8f 00 00 00 00 00-00 52 8f 00 00 00 00 00 .q.......R......
00000000005fd610/0d90: 00 00 00 00 00 00 00 00-40 9f 8f 00 00 00 00 00 ........@.......
00000000005fd620/0da0: 60 a0 8f 00 00 00 00 00-37 b8 be 68 fc 7f 00 00 `.......7..h....
00000000005fd630/0db0: 50 d9 5f 00 00 00 00 00-01 00 00 00 00 00 00 00 P._.............
00000000005fd640/0dc0: 00 00 00 00 00 00 00 00-02 00 00 00 00 00 00 00 ................
00000000005fd650/0dd0: 60 a0 8f 00 00 00 00 00-6c 43 1b 6a fc 7f 00 00 `.......lC.j....
00000000005fd660/0de0: 60 72 8f 00 00 00 00 00-f0 c0 8b 00 00 00 00 00 `r..............
00000000005fd670/0df0: 40 9f 8f 00 00 00 00 00-2b 75 1d 6a fc 7f 00 00 @.......+u.j....
00000000005fd680/0e00: b0 d9 5f 00 00 00 00 00-60 a0 8f 00 00 00 00 00 .._.....`.......
00000000005fd690/0e10: 00 00 00 00 00 00 00 00-d9 10 1b 6a fc 7f 00 00 ...........j....
00000000005fd6a0/0e20: 00 00 00 00 00 00 00 00-02 00 8f 00 00 00 00 00 ................
00000000005fd6b0/0e30: 00 00 00 00 00 00 00 00-00 00 00 00 00 00 00 00 ................
00000000005fd6c0/0e40: 00 00 00 00 00 00 00 00-00 00 00 00 00 00 00 00 ................
00000000005fd6d0/0e50: 30 fb ff ff 40 0d 00 00-30 fb ff ff d0 04 00 00 0...@...0.......
00000000005fd6e0/0e60: f0 00 00 00 80 07 00 00-02 00 00 00 00 00 00 00 ................
00000000005fd6f0/0e70: 03 00 00 80 00 00 00 00-00 00 00 00 00 00 00 00 ................
00000000005fd700/0e80: 78 25 ab 2d fc 7f 00 00-01 00 00 00 00 00 00 00 x%.-............
00000000005fd710/0e90: 00 00 00 00 00 00 00 00-00 00 00 00 00 00 00 00 ................
**************** ****  <ditto x 6>
00000000005fd780/0f00: 00 00 00 00 00 00 00 00-50 d9 5f 00 00 00 00 00 ........P._.....
00000000005fd790/0f10: 78 25 ab 2d fc 7f 00 00-37 2f 88 6a fc 7f 00 00 x%.-....7/.j....
00000000005fd7a0/0f20: 00 00 00 00 00 00 00 00-40 df 5f 00 00 00 00 00 ........@._.....
00000000005fd7b0/0f30: 00 00 00 00 00 00 00 00-40 9f 8f 00 00 00 00 00 ........@.......
00000000005fd7c0/0f40: 00 00 00 00 00 00 00 00-e4 00 00 00 00 00 00 80 ................
00000000005fd7d0/0f50: 00 00 00 00 00 00 00 00-00 00 00 00 00 00 00 00 ................
**************** ****  <ditto x 2>
00000000005fd800/0f80: b0 d9 5f 00 00 00 00 00-48 ea 8d 00 00 00 00 00 .._.....H.......
00000000005fd810/0f90: 20 eb ba 3e fc 7f 00 00-00 00 00 00 00 00 00 00  ..>............
00000000005fd820/0fa0: 91 78 a4 66 6c b8 00 00-00 00 00 00 00 00 00 00 .x.fl...........
00000000005fd830/0fb0: 2d 01 00 c0 00 00 00 00-8d b3 42 68 fc 7f 00 00 -.........Bh....
00000000005fd840/0fc0: af 05 00 00 00 00 00 00-ff ff ff ff ff ff ff ff ................
00000000005fd850/0fd0: 40 df 5f 00 00 00 00 00-00 00 00 00 00 00 00 00 @._.............
00000000005fd860/0fe0: 2d 01 00 c0 00 00 00 00-03 58 43 68 fc 7f 00 00 -........XCh....
00000000005fd870/0ff0: 00 00 00 00 00 00 00 00-00 00 00 00 00 00 00 00 ................
00000000005fd880/1000: 00 00 00 00 00 00 00 00-01 27 b6 2d fc 7f 00 00 .........'.-....
00000000005fd890/1010: bc 1d 3e 77 00 00 00 00-40 d9 de 00 00 00 00 00 ..>w....@.......
00000000005fd8a0/1020: 00 00 00 00 00 00 00 00-00 00 00 00 00 00 00 00 ................
00000000005fd8b0/1030: 00 00 00 00 00 00 00 00-00 00 00 00 00 00 00 00 ................
00000000005fd8c0/1040: 50 da 5f 00 00 00 00 00-b0 d9 5f 00 00 00 00 00 P._......._.....
00000000005fd8d0/1050: 20 eb ba 3e fc 7f 00 00-00 00 00 00 00 00 00 00  ..>............
00000000005fd8e0/1060: 00 00 00 00 00 00 00 00-00 00 00 00 00 00 00 00 ................
00000000005fd8f0/1070: 00 00 00 00 00 00 00 00-80 df 5f 00 00 00 00 00 .........._.....
00000000005fd900/1080: 00 00 00 00 00 00 00 00-01 00 00 00 00 00 00 00 ................
00000000005fd910/1090: 48 ea 8d 00 00 00 00 00-60 5a 8e 00 00 00 00 00 H.......`Z......
00000000005fd920/10a0: 00 00 00 00 2d 01 00 c0-00 00 00 00 00 00 00 00 ....-...........
00000000005fd930/10b0: 02 00 00 00 00 00 00 00-00 00 00 00 00 00 00 00 ................
00000000005fd940/10c0: 00 00 00 00 00 00 00 00-00 00 00 00 00 00 00 00 ................
00000000005fd950/10d0: 00 00 00 00 00 00 00 00-00 00 00 00 00 00 00 00 ................
00000000005fd960/10e0: 00 00 00 00 00 00 00 00-28 00 00 00 09 80 00 00 ........(.......
00000000005fd970/10f0: 00 00 00 00 00 00 00 00-40 d9 de 00 00 00 00 00 ........@.......
00000000005fd980/1100: bc 1d 3e 77 00 00 00 00-00 00 00 00 00 00 00 00 ..>w............
00000000005fd990/1110: 00 00 00 00 00 00 00 00-00 00 00 00 00 00 00 00 ................
00000000005fd9a0/1120: 00 00 00 00 00 00 00 00-00 00 00 00 00 00 00 00 ................
00000000005fd9b0/1130: 00 00 00 00 00 00 00 00-04 00 00 00 00 00 00 00 ................
00000000005fd9c0/1140: 05 00 00 00 00 00 00 00-c2 17 8e 6a fc 7f 00 00 ...........j....
00000000005fd9d0/1150: 00 00 00 00 00 00 00 00-00 00 d8 00 00 00 00 00 ................
00000000005fd9e0/1160: 29 dd 5f 00 00 00 00 00-01 00 00 00 00 00 00 00 )._.............
00000000005fd9f0/1170: 0a 40 de 00 00 00 00 00-88 17 8e 6a fc 7f 00 00 .@.........j....
00000000005fda00/1180: 04 00 00 00 00 00 00 00-00 00 00 00 00 00 00 00 ................
00000000005fda10/1190: 40 11 d8 00 00 00 00 00-00 00 00 00 00 00 00 00 @...............
00000000005fda20/11a0: 00 00 00 00 00 00 00 00-4c df 89 6a fc 7f 00 00 ........L..j....
00000000005fda30/11b0: b8 76 b6 3e fc 7f 00 00-80 df 5f 00 00 00 00 00 .v.>......_.....
00000000005fda40/11c0: 00 00 de 00 00 00 00 00-28 cb de 00 00 00 00 00 ........(.......
00000000005fda50/11d0: 48 00 00 00 00 00 00 00-03 00 01 00 00 00 00 00 H...............
00000000005fda60/11e0: 10 00 00 00 00 00 00 00-90 d9 5f 00 00 00 00 00 .........._.....
00000000005fda70/11f0: 00 00 00 00 00 00 00 00-04 00 01 00 00 00 00 00 ................
00000000005fda80/1200: 08 00 00 00 00 00 00 00-60 d9 5f 00 00 00 00 00 ........`._.....
00000000005fda90/1210: 00 00 00 00 00 00 00 00-ca 01 00 00 00 00 00 00 ................
00000000005fdaa0/1220: 00 00 00 00 00 00 00 00-00 00 00 00 00 00 00 00 ................
00000000005fdab0/1230: 50 01 de 00 00 00 00 00-00 00 00 00 00 00 00 00 P...............
00000000005fdac0/1240: c5 01 00 00 00 00 00 00-ff 03 00 00 00 00 00 00 ................
00000000005fdad0/1250: 00 00 00 00 00 00 00 00-4c df 89 6a fc 7f 00 00 ........L..j....
00000000005fdae0/1260: 00 00 00 00 00 00 00 00-6f df 89 6a fc 7f 00 00 ........o..j....
00000000005fdaf0/1270: 00 00 de 00 00 00 00 00-78 cb de 00 00 00 00 00 ........x.......
00000000005fdb00/1280: 00 00 de 00 00 00 00 00-38 d9 de 00 00 00 00 00 ........8.......
00000000005fdb10/1290: 00 01 de 00 00 00 00 00-f7 01 00 00 00 00 00 00 ................
00000000005fdb20/12a0: 00 48 de 00 00 00 00 00-3c 01 00 00 00 00 00 00 .H......<.......
00000000005fdb30/12b0: 00 00 00 00 00 00 00 00-40 d9 de 00 00 00 00 00 ........@.......
00000000005fdb40/12c0: 00 00 00 00 00 00 00 00-01 00 00 00 00 00 00 00 ................
00000000005fdb50/12d0: 30 d9 de 00 00 00 00 00-e9 00 00 00 00 00 00 00 0...............
00000000005fdb60/12e0: 00 00 00 00 00 00 00 00-30 00 00 00 00 00 00 00 ........0.......
00000000005fdb70/12f0: 50 01 de 00 00 00 00 00-69 01 00 00 00 00 00 00 P.......i.......
00000000005fdb80/1300: bc 00 00 00 00 00 00 00-ff 03 00 00 00 00 00 00 ................
00000000005fdb90/1310: 30 d9 de 00 00 00 00 00-01 00 00 00 00 00 00 00 0...............
00000000005fdba0/1320: 3c 01 00 00 00 00 00 00-77 01 00 00 00 00 00 00 <.......w.......
00000000005fdbb0/1330: 00 00 00 00 00 00 00 00-c0 0c d8 00 00 00 00 00 ................
00000000005fdbc0/1340: 00 dc de 00 00 00 00 00-91 64 89 6a fc 7f 00 00 .........d.j....
00000000005fdbd0/1350: 00 00 de 00 00 00 00 00-00 00 00 00 00 00 00 00 ................
00000000005fdbe0/1360: 30 d9 de 00 00 00 00 00-3c 01 00 00 00 00 00 00 0.......<.......
00000000005fdbf0/1370: 30 d9 de 00 00 00 00 00-91 64 89 6a fc 7f 00 00 0........d.j....
00000000005fdc00/1380: 00 00 de 00 00 00 00 00-00 00 00 00 00 00 00 00 ................
00000000005fdc10/1390: 50 d0 de 00 00 00 00 00-69 01 00 00 00 00 00 00 P.......i.......
00000000005fdc20/13a0: 69 01 00 00 00 00 00 00-69 01 00 00 00 00 00 00 i.......i.......
00000000005fdc30/13b0: 40 d9 de 00 00 00 00 00-50 01 de 00 00 00 00 00 @.......P.......
00000000005fdc40/13c0: 01 01 00 00 00 00 00 00-00 01 00 00 00 00 00 00 ................
00000000005fdc50/13d0: f7 01 00 00 00 00 00 00-00 00 00 00 00 00 00 00 ................
00000000005fdc60/13e0: 60 d0 de 00 00 00 00 00-69 01 00 00 00 00 00 00 `.......i.......
00000000005fdc70/13f0: 30 00 00 00 01 00 00 00-5a 40 de 00 00 00 00 00 0.......Z@......
00000000005fdc80/1400: f7 01 00 00 00 00 00 00-00 00 00 00 00 00 00 00 ................
00000000005fdc90/1410: 00 00 00 00 00 00 00 00-02 00 00 02 00 00 00 00 ................
00000000005fdca0/1420: 3c 01 00 00 00 00 00 00-e0 08 00 00 00 00 00 00 <...............
00000000005fdcb0/1430: 00 00 de 00 00 00 00 00-50 d0 de 00 00 00 00 00 ........P.......
00000000005fdcc0/1440: 12 00 1e 00 00 00 00 00-b0 07 8c 6a fc 7f 00 00 ...........j....
00000000005fdcd0/1450: 75 00 00 00 00 00 00 00-5e f9 3f 77 00 00 00 00 u.......^.?w....
00000000005fdce0/1460: 00 00 00 00 00 00 00 00-1b 99 44 68 fc 7f 00 00 ..........Dh....
00000000005fdcf0/1470: 00 00 00 00 00 00 00 00-3c 01 00 3d 00 00 00 00 ........<..=....
00000000005fdd00/1480: b1 73 a4 66 6c b8 00 00-02 00 00 02 00 00 00 00 .s.fl...........
00000000005fdd10/1490: f0 dd 5f 00 00 00 00 00-da 20 3e 77 00 00 00 00 .._...... >w....
00000000005fdd20/14a0: 00 00 00 00 00 00 00 00-60 08 de 00 00 00 00 00 ........`.......
00000000005fdd30/14b0: 80 9f de 00 00 00 00 00-a0 2c de 00 00 00 00 00 .........,......
00000000005fdd40/14c0: 80 29 dd 2d fc 7f 00 00-00 20 3e 77 00 00 00 00 .).-..... >w....
00000000005fdd50/14d0: a0 dd 5f 00 00 00 00 00-6c b4 41 77 00 00 00 00 .._.....l.Aw....
00000000005fdd60/14e0: 40 d9 de 00 00 00 00 00-20 de 00 d3 03 80 ff ff @....... .......
00000000005fdd70/14f0: f0 dd 5f 00 00 00 00 00-0b 00 00 00 00 00 00 00 .._.............
00000000005fdd80/1500: 80 9f de 00 00 00 00 00-a0 2c de 00 00 00 00 00 .........,......
00000000005fdd90/1510: 00 00 00 00 00 00 00 00-00 08 de 00 00 00 00 00 ................
00000000005fdda0/1520: 10 de 5f 00 00 00 00 00-b0 b5 41 77 00 00 00 00 .._.......Aw....
00000000005fddb0/1530: 0b 00 00 00 00 00 00 00-a0 07 de 00 00 00 00 00 ................
00000000005fddc0/1540: 80 29 dd 2d fc 7f 00 00-00 00 00 00 00 00 00 00 .).-............
00000000005fddd0/1550: 00 00 00 00 00 00 00 00-00 00 00 00 00 00 00 00 ................
00000000005fdde0/1560: 60 de 5f 00 00 00 00 00-cf c9 3f 77 00 00 00 00 `._.......?w....
00000000005fddf0/1570: 80 9f de 00 00 00 00 00-a0 2c de 00 00 00 00 00 .........,......
00000000005fde00/1580: 60 08 de 00 00 00 00 00-b0 07 8c 6a fc 7f 00 00 `..........j....
00000000005fde10/1590: 80 de 5f 00 00 00 00 00-11 5a 40 77 00 00 00 00 .._......Z@w....
00000000005fde20/15a0: 0b 00 00 00 00 00 00 00-1b 99 44 68 fc 7f 00 00 ..........Dh....
00000000005fde30/15b0: 80 29 dd 2d fc 7f 00 00-00 00 00 00 00 00 00 00 .).-............
00000000005fde40/15c0: 71 71 a4 66 6c b8 00 00-e0 f0 5f 00 00 00 00 00 qq.fl....._.....
00000000005fde50/15d0: 10 df 5f 00 00 00 00 00-da 20 3e 77 00 00 00 00 .._...... >w....
00000000005fde60/15e0: 00 00 00 00 00 00 00 00-b0 07 8c 6a fc 7f 00 00 ...........j....
00000000005fde70/15f0: 60 08 de 00 00 00 00 00-01 00 de 00 00 00 00 00 `...............
00000000005fde80/1600: 01 d0 de 00 00 00 00 00-95 56 3e 77 00 00 00 00 .........V>w....
00000000005fde90/1610: 10 df 5f 00 00 00 00 00-80 29 dd 2d fc 7f 00 00 .._......).-....
00000000005fdea0/1620: 11 71 a4 66 6c b8 00 00-30 bf de 00 00 00 00 00 .q.fl...0.......
00000000005fdeb0/1630: 60 d0 de 00 00 00 00 00-ce 1a b5 2d fc 7f 00 00 `..........-....
00000000005fdec0/1640: 00 00 00 00 fc 7f 00 00-10 c0 de 00 00 00 00 00 ................
00000000005fded0/1650: 00 00 00 00 00 00 00 00-10 c0 de 00 00 00 00 00 ................
00000000005fdee0/1660: fe ff ff ff 00 00 00 00-a9 68 b2 2d fc 7f 00 00 .........h.-....
00000000005fdef0/1670: 30 df 5f 00 00 00 00 00-85 f2 a9 2d fc 7f 00 00 0._........-....
00000000005fdf00/1680: 60 d0 de 00 00 00 00 00-12 e8 a9 2d fc 7f 00 00 `..........-....
00000000005fdf10/1690: 17 01 52 19 00 00 00 00-00 00 00 00 16 00 00 00 ..R.............
00000000005fdf20/16a0: 40 de 5f 00 00 00 00 00-3b f0 a9 2d fc 7f 00 00 @._.....;..-....
00000000005fdf30/16b0: 60 d0 de 00 00 00 00 00-78 25 ab 2d fc 7f 00 00 `.......x%.-....
00000000005fdf40/16c0: 90 97 da 2d fc 7f 00 00-fe ff ff ff 00 00 00 00 ...-............
00000000005fdf50/16d0: 00 00 00 00 00 00 00 00-48 ce 5f 00 00 00 00 00 ........H._.....
00000000005fdf60/16e0: 68 e1 5f 00 00 00 00 00-00 00 00 00 00 00 00 00 h._.............
00000000005fdf70/16f0: f0 e1 5f 00 00 00 00 00-cf e5 0b 2d fc 7f 00 00 .._........-....
00000000005fdf80/1700: 50 ca de 00 00 00 00 00-00 00 00 00 00 00 00 00 P...............
00000000005fdf90/1710: 30 bf de 00 00 00 00 00-02 00 00 00 00 00 00 00 0...............
00000000005fdfa0/1720: 01 00 00 00 00 00 00 00-01 00 00 00 00 00 00 00 ................
00000000005fdfb0/1730: 70 13 26 2d fc 7f 00 00-00 00 00 00 00 00 00 00 p.&-............
00000000005fdfc0/1740: 00 00 00 00 00 00 00 00-00 00 00 00 00 00 00 00 ................
00000000005fdfd0/1750: 48 bf de 00 00 00 00 00-08 e1 5f 00 00 00 00 00 H........._.....
00000000005fdfe0/1760: f0 e1 5f 00 00 00 00 00-a7 49 b0 2d fc 7f 00 00 .._......I.-....
00000000005fdff0/1770: 30 bf de 00 00 00 00 00-b8 6f 67 f6 33 26 5b ba 0........og.3&[.
00000000005fe000/1780: 00 00 00 00 00 00 00 00-00 00 00 00 00 00 00 00 ................
00000000005fe010/1790: 30 bf de 00 00 00 00 00-fe ff ff ff ff ff ff ff 0...............
00000000005fe020/17a0: 00 00 00 00 00 00 00 00-68 e1 5f 00 00 00 00 00 ........h._.....
00000000005fe030/17b0: 30 bf de 00 00 00 00 00-62 e7 0b 2d fc 7f 00 00 0.......b..-....
00000000005fe040/17c0: 30 bf de 00 00 00 00 00-2a 47 02 00 fc 7f 00 00 0.......*G......
00000000005fe050/17d0: 30 bf de 00 00 00 00 00-08 e1 5f 00 00 00 00 00 0........._.....
00000000005fe060/17e0: 00 00 00 00 00 00 00 00-45 f9 11 2d fc 7f 00 00 ........E..-....
00000000005fe070/17f0: 30 bf de 00 00 00 00 00-26 4d 16 6a fc 7f 00 00 0.......&M.j....
00000000005fe080/1800: 00 00 00 00 00 00 00 00-00 00 00 00 00 00 00 00 ................
00000000005fe090/1810: 00 00 00 00 00 00 00 00-3b fa 11 2d fc 7f 00 00 ........;..-....
00000000005fe0a0/1820: c0 be de 00 00 00 00 00-f0 e1 5f 00 00 00 00 00 .........._.....
00000000005fe0b0/1830: 00 00 00 00 00 00 00 00-67 e1 1e 6a fc 7f 00 00 ........g..j....
00000000005fe0c0/1840: 00 00 00 00 00 00 00 00-00 00 00 00 00 00 00 00 ................
00000000005fe0d0/1850: 48 f4 5f 00 00 00 00 00-00 00 00 00 00 00 00 00 H._.............
00000000005fe0e0/1860: 00 00 00 00 00 00 00 00-64 46 16 6a fc 7f 00 00 ........dF.j....
00000000005fe0f0/1870: c0 be de 00 00 00 00 00-00 00 00 00 00 00 00 00 ................
00000000005fe100/1880: 00 00 00 00 00 00 00 00-00 00 00 00 00 00 00 00 ................
00000000005fe110/1890: 00 00 00 00 00 00 00 00-80 e2 5f 00 00 00 00 00 .........._.....
00000000005fe120/18a0: c8 2a 80 00 00 00 00 00-1c 2b 80 00 00 00 00 00 .*.......+......
00000000005fe130/18b0: 70 5b 8e 6a fc 7f 00 00-08 e2 5f 00 00 00 00 00 p[.j......_.....
00000000005fe140/18c0: 01 00 00 00 01 00 00 00-c0 be de 00 00 00 00 00 ................
00000000005fe150/18d0: 50 e9 5f 00 00 00 00 00-e0 f0 5f 00 00 00 00 00 P._......._.....
00000000005fe160/18e0: 0c 0a 8e 00 00 00 00 00-00 00 00 00 00 00 00 00 ................
00000000005fe170/18f0: 0c 0a 8e 00 00 00 00 00-3e 0f e9 41 c1 56 33 46 ........>..A.V3F
00000000005fe180/1900: 81 c3 6e 8b ac 8b dd 70-c8 0d 3d 6a fc 7f 00 00 ..n....p..=j....
00000000005fe190/1910: 00 00 00 00 00 00 00 00-01 00 00 00 00 00 00 00 ................
00000000005fe1a0/1920: 00 00 00 00 00 00 00 00-48 e1 5f 00 00 00 00 00 ........H._.....
00000000005fe1b0/1930: d0 09 8e 00 00 00 00 00-bb 5f 7d 68 fc 7f 00 00 ........._}h....
00000000005fe1c0/1940: 30 e2 5f 00 00 00 00 00-b0 07 8c 6a fc 7f 00 00 0._........j....
00000000005fe1d0/1950: 88 eb 5f 00 00 00 00 00-c6 c4 17 6a fc 7f 00 00 .._........j....
00000000005fe1e0/1960: 00 00 00 00 00 00 00 00-99 e2 5f 00 00 00 00 00 .........._.....
00000000005fe1f0/1970: a0 1e 44 6a fc 7f 00 00-40 85 7e 68 fc 7f 00 00 ..Dj....@.~h....
00000000005fe200/1980: b1 4e a4 66 6c b8 00 00-20 00 00 00 00 00 00 00 .N.fl... .......
00000000005fe210/1990: 0d 67 a7 a5 c6 1d 00 00-cc 99 16 6a fc 7f 00 00 .g.........j....
00000000005fe220/19a0: 01 00 00 00 00 00 00 00-48 f4 5f 00 00 00 00 00 ........H._.....
00000000005fe230/19b0: 00 00 00 00 00 00 00 00-b0 19 27 6a fc 7f 00 00 ..........'j....
00000000005fe240/19c0: 90 1e 44 6a fc 7f 00 00-00 00 00 00 00 00 00 00 ..Dj............
00000000005fe250/19d0: b0 16 a0 ff ff ff ff ff-88 eb 5f 00 00 00 00 00 .........._.....
00000000005fe260/19e0: d0 e2 5f 00 00 00 00 00-40 d0 1e 6a fc 7f 00 00 .._.....@..j....
00000000005fe270/19f0: 88 eb 5f 00 00 00 00 00-00 00 00 00 00 00 00 00 .._.............
00000000005fe280/1a00: 70 00 00 00 00 00 00 00-00 00 00 00 00 00 00 00 p...............
00000000005fe290/1a10: b0 ea 8d 00 00 00 00 00-01 00 00 00 00 00 00 00 ................
00000000005fe2a0/1a20: 88 f0 5f 00 00 00 00 00-d0 09 8e 00 00 00 00 00 .._.............
00000000005fe2b0/1a30: 1d 66 a7 a5 c6 1d 00 00-00 00 00 00 00 00 00 00 .f..............
00000000005fe2c0/1a40: 8d 65 a7 a5 c6 1d 00 00-48 f4 5f 00 00 00 00 00 .e......H._.....
00000000005fe2d0/1a50: 00 00 00 00 00 00 00 00-48 f4 5f 00 00 00 00 00 ........H._.....
00000000005fe2e0/1a60: 88 eb 5f 00 00 00 00 00-a0 1e 44 6a fc 7f 00 00 .._.......Dj....
00000000005fe2f0/1a70: 78 e3 5f 00 00 00 00 00-6c 24 18 6a fc 7f 00 00 x._.....l$.j....
00000000005fe300/1a80: 00 00 00 00 00 00 00 00-d8 44 46 68 fc 7f 00 00 .........DFh....
00000000005fe310/1a90: 40 f5 5f 00 00 00 00 00-00 00 00 00 00 00 00 00 @._.............
00000000005fe320/1aa0: 00 00 00 00 00 00 00 00-04 00 00 00 00 00 00 00 ................
00000000005fe330/1ab0: 50 e9 5f 00 01 00 00 00-00 00 00 00 00 00 00 00 P._.............
00000000005fe340/1ac0: f0 e5 5f 00 00 00 00 00-f0 e5 5f 00 00 00 00 00 .._......._.....
00000000005fe350/1ad0: 00 00 00 00 00 00 00 00-50 e4 5f 00 00 00 00 00 ........P._.....
00000000005fe360/1ae0: 00 00 00 00 00 00 00 00-fd 64 a7 a5 c6 1d 00 00 .........d......
00000000005fe370/1af0: ff ff ff ff ff ff ff ff-88 eb 5f 00 00 00 00 00 .........._.....
00000000005fe380/1b00: 00 00 00 00 00 00 00 00-00 00 00 00 00 00 00 00 ................
00000000005fe390/1b10: 50 e9 5f 00 00 00 00 00-00 00 00 00 00 00 00 00 P._.............
00000000005fe3a0/1b20: 50 e9 5f 00 00 00 00 00-d8 3f 18 6a fc 7f 00 00 P._......?.j....
00000000005fe3b0/1b30: 00 00 00 00 00 00 00 00-50 e9 5f 00 00 00 00 00 ........P._.....
00000000005fe3c0/1b40: 00 00 00 00 00 00 00 00-90 1e 44 6a fc 7f 00 00 ..........Dj....
00000000005fe3d0/1b50: 17 00 00 00 00 00 00 00-28 e5 5f 00 00 00 00 00 ........(._.....
00000000005fe3e0/1b60: a0 1e 44 6a fc 7f 00 00-ff 5a 20 6a fc 7f 00 00 ..Dj.....Z j....
00000000005fe3f0/1b70: 00 00 00 00 00 00 00 00-b0 a7 18 6a fc 7f 00 00 ...........j....
00000000005fe400/1b80: 00 00 00 00 00 00 00 00-00 00 00 00 00 00 00 00 ................
00000000005fe410/1b90: 48 f4 5f 00 00 00 00 00-1d c7 3f dd c0 26 e1 4f H._.......?..&.O
00000000005fe420/1ba0: 88 eb 5f 00 00 00 00 00-48 f4 5f 00 00 00 00 00 .._.....H._.....
00000000005fe430/1bb0: 14 00 44 00 5c 00 7b 00-80 84 8c 00 00 00 00 00 ..D.\.{.........
00000000005fe440/1bc0: 00 00 00 00 00 00 00 00-21 f0 17 6a fc 7f 00 00 ........!..j....
00000000005fe450/1bd0: 90 1e 44 6a fc 7f 00 00-48 f4 5f 00 00 00 00 00 ..Dj....H._.....
00000000005fe460/1be0: 00 00 00 00 00 00 00 00-80 e5 5f 00 00 00 00 00 .........._.....
00000000005fe470/1bf0: 48 f4 5f 00 00 00 00 00-b0 19 27 6a fc 7f 00 00 H._.......'j....
00000000005fe480/1c00: 01 00 00 00 00 00 00 00-98 94 1e 6a fc 7f 00 00 ...........j....
00000000005fe490/1c10: b0 c5 8c 00 00 00 00 00-02 00 43 00 6c 00 61 00 ..........C.l.a.
00000000005fe4a0/1c20: 48 f4 5f 00 00 00 00 00-00 00 00 00 00 00 00 00 H._.............
00000000005fe4b0/1c30: 00 00 00 00 00 00 00 00-88 1e 44 6a fc 7f 00 00 ..........Dj....
00000000005fe4c0/1c40: 88 eb 5f 00 00 00 00 00-48 f4 5f 00 00 00 00 00 .._.....H._.....
00000000005fe4d0/1c50: 00 00 00 00 00 00 00 00-90 43 18 6a fc 7f 00 00 .........C.j....
00000000005fe4e0/1c60: 90 1e 44 6a fc 7f 00 00-98 fb 3c 6a 00 00 00 00 ..Dj......<j....
00000000005fe4f0/1c70: 00 00 00 00 00 00 00 00-01 00 00 00 00 00 00 00 ................
00000000005fe500/1c80: 48 f4 5f 00 00 00 00 00-b0 19 27 6a fc 7f 00 00 H._.......'j....
00000000005fe510/1c90: 00 00 00 00 00 00 00 00-80 e5 5f 00 00 00 00 00 .........._.....
00000000005fe520/1ca0: 00 00 00 00 00 00 00 00-40 d0 1e 6a fc 7f 00 00 ........@..j....
00000000005fe530/1cb0: 88 eb 5f 00 00 00 00 00-90 e5 5f 00 00 00 00 00 .._......._.....
00000000005fe540/1cc0: 50 e9 5f 00 00 00 00 00-b0 16 a0 ff ff ff ff ff P._.............
00000000005fe550/1cd0: 00 00 00 00 01 00 00 00-50 e9 5f 00 00 00 00 00 ........P._.....
00000000005fe560/1ce0: 88 f0 5f 00 00 00 00 00-d0 09 8e 00 00 00 00 00 .._.............
00000000005fe570/1cf0: 0c 0a 8e 00 00 00 00 00-00 00 00 00 00 00 00 00 ................
00000000005fe580/1d00: cd 62 a7 a5 c6 1d 00 00-00 00 00 00 00 00 00 00 .b..............
00000000005fe590/1d10: 00 00 00 00 00 00 00 00-00 00 00 00 00 00 00 00 ................
00000000005fe5a0/1d20: f0 e5 5f 00 00 00 00 00-48 f4 5f 00 00 00 00 00 .._.....H._.....
00000000005fe5b0/1d30: 20 e8 5f 00 00 00 00 00-af 92 1e 6a fc 7f 00 00  ._........j....
00000000005fe5c0/1d40: 88 eb 5f 00 00 00 00 00-88 eb 5f 00 00 00 00 00 .._......._.....
00000000005fe5d0/1d50: f0 e5 5f 00 00 00 00 00-88 eb 5f 00 00 00 00 00 .._......._.....
00000000005fe5e0/1d60: 40 e8 5f 00 00 00 00 00-29 75 8a 6a fc 7f 00 00 @._.....)u.j....
00000000005fe5f0/1d70: 43 00 3a 00 5c 00 50 00-72 00 6f 00 67 00 72 00 C.:.\.P.r.o.g.r.
00000000005fe600/1d80: 61 00 6d 00 20 00 46 00-69 00 6c 00 65 00 73 00 a.m. .F.i.l.e.s.
00000000005fe610/1d90: 5c 00 4f 00 72 00 61 00-63 00 6c 00 65 00 5c 00 \.O.r.a.c.l.e.\.
00000000005fe620/1da0: 56 00 69 00 72 00 74 00-75 00 61 00 6c 00 42 00 V.i.r.t.u.a.l.B.
00000000005fe630/1db0: 6f 00 78 00 5c 00 56 00-42 00 6f 00 78 00 43 00 o.x.\.V.B.o.x.C.
00000000005fe640/1dc0: 2e 00 64 00 6c 00 6c 00-00 00 00 00 00 00 00 00 ..d.l.l.........
00000000005fe650/1dd0: 00 00 00 00 00 00 00 00-00 00 00 00 00 00 00 00 ................
**************** ****  <ditto x 25>
00000000005fe7f0/1f70: 00 00 00 00 00 00 00 00-00 00 00 00 01 00 00 00 ................
00000000005fe800/1f80: 00 00 00 00 65 3f 0c 26-01 00 00 00 00 00 00 00 ....e?.&........
00000000005fe810/1f90: 00 00 00 00 00 00 00 00-40 f5 5f 00 00 00 00 00 ........@._.....
00000000005fe820/1fa0: 00 00 00 00 03 00 00 00-50 e9 5f 00 00 00 00 00 ........P._.....
00000000005fe830/1fb0: 00 00 00 00 01 00 00 00-10 38 1c 6a fc 7f 00 00 .........8.j....
00000000005fe840/1fc0: 00 00 00 00 00 00 00 00-dd 6f a7 a5 c6 1d 00 00 .........o......
00000000005fe850/1fd0: 48 f4 5f 00 00 00 00 00-00 00 00 00 00 00 00 00 H._.............
00000000005fe860/1fe0: d0 e8 5f 00 00 00 00 00-40 d0 1e 6a fc 7f 00 00 .._.....@..j....
00000000005fe870/1ff0: 88 eb 5f 00 00 00 00 00-b0 16 a0 ff ff ff ff ff .._.............
00000000005fe880/2000: 00 00 00 00 00 00 00 00-05 40 00 80 00 00 00 00 .........@......
00000000005fe890/2010: 00 00 00 00 00 00 00 00-58 76 8d 00 00 00 00 00 ........Xv......
00000000005fe8a0/2020: 88 f0 5f 00 00 00 00 00-88 f0 5f 00 00 00 00 00 .._......._.....
00000000005fe8b0/2030: 88 f0 5f 00 00 00 00 00-d0 f3 5f 00 00 00 00 00 .._......._.....
00000000005fe8c0/2040: 8d 6f a7 a5 c6 1d 00 00-2d 79 17 6a fc 7f 00 00 .o......-y.j....
00000000005fe8d0/2050: 01 00 00 00 00 00 00 00-b0 f9 5f 00 00 00 00 00 .........._.....
00000000005fe8e0/2060: 00 00 00 00 00 00 00 00-01 00 00 00 00 00 00 00 ................
00000000005fe8f0/2070: d0 f3 5f 00 00 00 00 00-3a 97 1f 6a fc 7f 00 00 .._.....:..j....
00000000005fe900/2080: 00 00 00 00 00 00 00 00-d0 f3 5f 00 00 00 00 00 .........._.....
00000000005fe910/2090: 01 00 00 00 00 00 00 00-00 00 00 00 00 00 00 00 ................
00000000005fe920/20a0: 01 00 00 00 00 00 00 00-c8 f4 5f 00 00 00 00 00 .........._.....
00000000005fe930/20b0: 00 00 00 00 00 00 00 00-00 00 00 00 00 00 00 00 ................
00000000005fe940/20c0: d0 09 8e 00 00 00 00 00-09 ea 5f 00 00 00 00 00 .........._.....
00000000005fe950/20d0: 18 db 38 6a fc 7f 00 00-f8 da 38 6a fc 7f 00 00 ..8j......8j....
00000000005fe960/20e0: d8 da 38 6a fc 7f 00 00-01 00 00 00 38 03 00 00 ..8j........8...
00000000005fe970/20f0: 00 00 00 00 c0 00 00 00-00 00 00 46 00 00 00 00 ...........F....
00000000005fe980/2100: 00 00 00 00 01 00 00 00-00 00 00 00 00 00 00 00 ................
00000000005fe990/2110: 00 00 00 00 04 00 00 00-00 00 00 00 00 00 00 00 ................
00000000005fe9a0/2120: 00 00 00 00 00 00 00 00-00 00 00 00 00 00 00 00 ................
**************** ****  <ditto x 6>
00000000005fea10/2190: 00 00 00 00 01 00 00 00-00 00 00 00 00 00 00 00 ................
00000000005fea20/21a0: 70 f2 5f 00 00 00 00 00-90 f0 5f 00 00 00 00 00 p._......._.....
00000000005fea30/21b0: 88 f1 5f 00 00 00 00 00-48 f0 5f 00 00 00 00 00 .._.....H._.....
00000000005fea40/21c0: 00 00 00 00 00 00 00 00-00 00 00 00 00 00 00 00 ................
**************** ****  <ditto x 3>
00000000005fea80/2200: 04 00 00 00 00 00 00 00-00 00 00 00 00 00 00 00 ................
00000000005fea90/2210: 00 00 00 00 00 00 00 00-00 00 00 00 00 00 00 00 ................
**************** ****  <ditto x 2>
00000000005feac0/2240: 00 00 00 00 00 00 00 00-b0 15 20 6a fc 7f 00 00 .......... j....
00000000005fead0/2250: 00 00 00 00 00 00 00 00-00 00 00 00 00 00 00 00 ................
**************** ****  <ditto x 4>
00000000005feb20/22a0: a1 46 a4 66 6c b8 00 00-00 00 00 00 00 00 00 00 .F.fl...........
00000000005feb30/22b0: 00 00 00 00 00 00 00 00-4c df 89 6a fc 7f 00 00 ........L..j....
00000000005feb40/22c0: 00 00 00 00 00 00 00 00-00 00 00 00 00 00 00 00 ................
00000000005feb50/22d0: 00 00 8b 00 00 00 00 00-48 85 8b 00 00 00 00 00 ........H.......
00000000005feb60/22e0: 00 00 00 00 00 00 00 00-b0 ec 5f 00 00 00 00 00 .........._.....
00000000005feb70/22f0: 00 00 00 00 00 00 00 00-00 00 00 00 00 00 00 00 ................
00000000005feb80/2300: 00 00 00 00 00 00 00 00-40 da 38 6a fc 7f 00 00 ........@.8j....
00000000005feb90/2310: 10 da 38 6a fc 7f 00 00-d0 d9 38 6a fc 7f 00 00 ..8j......8j....
00000000005feba0/2320: 05 00 00 00 00 00 00 00-00 00 00 00 01 00 00 00 ................
00000000005febb0/2330: 01 00 00 00 00 00 00 00-00 00 00 00 00 00 00 00 ................
00000000005febc0/2340: 00 00 00 00 00 00 00 00-00 00 00 00 00 00 00 00 ................
00000000005febd0/2350: d0 09 8e 00 00 00 00 00-00 00 00 00 00 00 00 00 ................
00000000005febe0/2360: 88 f0 5f 00 00 00 00 00-00 00 00 00 00 00 00 00 .._.............
00000000005febf0/2370: 80 f1 5f 00 00 00 00 00-40 f0 5f 00 00 00 00 00 .._.....@._.....
00000000005fec00/2380: 00 00 00 00 00 00 00 00-68 f2 5f 00 00 00 00 00 ........h._.....
00000000005fec10/2390: 00 00 00 00 00 00 00 00-00 00 00 00 00 00 00 00 ................
00000000005fec20/23a0: 50 d9 38 6a fc 7f 00 00-30 d9 38 6a fc 7f 00 00 P.8j....0.8j....
00000000005fec30/23b0: 10 d9 38 6a fc 7f 00 00-01 00 00 00 39 03 00 00 ..8j........9...
00000000005fec40/23c0: 00 00 00 00 c0 00 00 00-00 00 00 46 00 00 00 00 ...........F....
00000000005fec50/23d0: 00 00 00 00 01 00 00 00-00 00 00 00 00 00 00 00 ................
00000000005fec60/23e0: 00 00 00 00 04 00 00 00-00 00 00 00 00 00 00 00 ................
00000000005fec70/23f0: 00 00 00 00 00 00 00 00-00 00 00 00 00 00 00 00 ................
**************** ****  <ditto x 6>
00000000005fece0/2460: 00 00 00 00 00 00 00 00-01 00 00 00 00 00 00 00 ................
00000000005fecf0/2470: 00 00 00 00 00 00 00 00-00 00 00 00 00 00 00 00 ................
**************** ****  <ditto x 5>
00000000005fed50/24d0: 00 00 00 00 00 00 00 00-40 00 00 00 00 00 00 00 ........@.......
00000000005fed60/24e0: 2c 00 00 00 00 00 00 00-10 00 00 00 00 00 00 00 ,...............
00000000005fed70/24f0: 00 00 8b 00 00 00 00 00-39 ee 5f 00 00 00 00 00 ........9._.....
00000000005fed80/2500: 04 00 00 00 00 00 00 00-c7 b3 89 6a fc 7f 00 00 ...........j....
00000000005fed90/2510: 00 00 85 00 00 00 00 00-00 00 00 00 00 00 00 00 ................
00000000005feda0/2520: 2c 00 00 00 00 00 00 00-00 00 00 00 00 00 00 00 ,...............
00000000005fedb0/2530: 78 03 8b 00 00 00 00 00-c4 ed 5f 00 00 00 00 00 x........._.....
00000000005fedc0/2540: 00 00 00 00 02 00 00 00-00 00 00 00 00 00 00 00 ................
00000000005fedd0/2550: ff ff ff ff 00 00 00 00-00 00 00 00 00 00 00 00 ................
00000000005fede0/2560: 01 00 00 00 00 00 00 00-00 00 00 00 00 00 00 00 ................
00000000005fedf0/2570: 00 00 00 00 00 00 00 00-00 00 00 00 00 00 00 00 ................
00000000005fee00/2580: 00 00 00 00 00 00 00 00-c0 09 8e 00 00 00 00 00 ................
00000000005fee10/2590: d0 09 8e 00 00 00 00 00-00 00 00 00 00 00 00 00 ................
00000000005fee20/25a0: 00 00 00 00 00 00 00 00-a1 5b 89 6a fc 7f 00 00 .........[.j....
00000000005fee30/25b0: 00 00 8b 00 00 00 00 00-2e b3 15 6a fc 7f 00 00 ...........j....
00000000005fee40/25c0: 40 05 8e 00 00 00 00 00-00 00 00 00 00 00 00 00 @...............
00000000005fee50/25d0: 08 ef 5f 00 00 00 00 00-c0 d8 38 6a fc 7f 00 00 .._.......8j....
00000000005fee60/25e0: a0 d8 38 6a fc 7f 00 00-00 00 00 00 00 00 00 00 ..8j............
00000000005fee70/25f0: 58 d8 38 6a fc 7f 00 00-00 00 00 00 00 00 00 00 X.8j............
00000000005fee80/2600: 00 00 00 00 00 00 00 00-00 00 00 00 00 00 00 00 ................
**************** ****  <ditto x 2>
00000000005feeb0/2630: 42 00 42 00 41 00 7d 00-00 00 00 00 00 00 00 00 B.B.A.}.........
00000000005feec0/2640: 00 00 00 00 00 00 00 00-74 fd 42 68 fc 7f 00 00 ........t.Bh....
00000000005feed0/2650: 40 05 8e 00 00 00 00 00-04 00 00 00 00 00 00 00 @...............
00000000005feee0/2660: d0 f1 5f 00 02 00 00 00-01 00 00 00 fc 7f 00 00 .._.............
00000000005feef0/2670: 58 ef 5f 00 00 00 00 00-00 00 8b 00 00 00 00 00 X._.............
00000000005fef00/2680: 98 f3 5f 00 00 00 00 00-a4 00 00 00 00 00 00 00 .._.............
00000000005fef10/2690: 19 00 02 00 00 00 00 00-00 00 00 00 00 00 00 00 ................
00000000005fef20/26a0: b8 f2 5f 00 00 00 00 00-00 00 00 00 00 00 00 00 .._.............
00000000005fef30/26b0: 00 00 00 00 00 00 00 00-41 fa 42 68 fc 7f 00 00 ........A.Bh....
00000000005fef40/26c0: 00 00 00 00 00 00 00 00-00 00 00 00 00 00 00 00 ................
00000000005fef50/26d0: f8 f2 5f 00 00 00 00 00-53 f5 42 68 fc 7f 00 00 .._.....S.Bh....
00000000005fef60/26e0: 34 00 00 c0 00 00 00 00-00 00 00 00 00 00 00 00 4...............
00000000005fef70/26f0: 00 00 00 00 00 00 00 00-08 d8 38 6a fc 7f 00 00 ..........8j....
00000000005fef80/2700: c0 d7 38 6a fc 7f 00 00-00 00 00 00 00 00 00 00 ..8j............
00000000005fef90/2710: 00 00 00 00 00 00 00 00-00 00 00 00 00 00 00 00 ................
**************** ****  <ditto x 3>
00000000005fefd0/2750: 00 00 00 00 00 00 00 00-00 02 00 00 00 00 00 00 ................
00000000005fefe0/2760: 08 d7 38 6a fc 7f 00 00-e0 d6 38 6a fc 7f 00 00 ..8j......8j....
00000000005feff0/2770: 98 d6 38 6a fc 7f 00 00-00 00 00 00 00 00 00 00 ..8j............
00000000005ff000/2780: 00 00 00 00 00 00 00 00-00 00 00 00 00 00 00 00 ................
**************** ****  <ditto x 3>
00000000005ff040/27c0: 30 d6 38 6a fc 7f 00 00-e8 d5 38 6a fc 7f 00 00 0.8j......8j....
00000000005ff050/27d0: 58 e9 5f 00 00 00 00 00-00 00 00 00 01 00 00 00 X._.............
00000000005ff060/27e0: 00 00 00 00 00 00 00 00-00 00 00 00 00 00 00 00 ................
00000000005ff070/27f0: 00 00 00 00 00 00 00 00-00 00 00 00 00 00 00 00 ................
00000000005ff080/2800: 00 00 00 00 00 00 00 00-c8 d5 38 6a fc 7f 00 00 ..........8j....
00000000005ff090/2810: 80 d5 38 6a fc 7f 00 00-58 e9 5f 00 00 00 00 00 ..8j....X._.....
00000000005ff0a0/2820: 00 00 00 00 01 00 00 00-1d c7 3f dd c0 26 e1 4f ..........?..&.O
00000000005ff0b0/2830: bf 6f 67 f6 33 26 5b ba-01 00 00 00 00 00 00 00 .og.3&[.........
00000000005ff0c0/2840: 00 00 00 00 01 00 00 00-00 00 00 00 00 00 00 00 ................
00000000005ff0d0/2850: e0 f0 5f 00 00 00 00 00-00 00 00 00 05 00 07 00 .._.............
00000000005ff0e0/2860: 8e 7a 93 d2 8d cb 82 43-90 ba b7 da 78 a7 45 73 .z.....C....x.Es
00000000005ff0f0/2870: 00 00 00 00 00 00 00 00-00 00 00 00 00 00 00 00 ................
00000000005ff100/2880: 00 00 00 00 02 00 00 00-30 00 00 00 00 00 00 00 ........0.......
00000000005ff110/2890: 30 d8 8b 00 00 00 00 00-0c 00 00 00 00 00 00 00 0...............
00000000005ff120/28a0: 00 00 8b 00 00 00 00 00-80 b5 8c 00 00 00 00 00 ................
00000000005ff130/28b0: 03 00 00 00 00 00 00 00-c7 b3 89 6a fc 7f 00 00 ...........j....
00000000005ff140/28c0: 00 00 85 00 00 00 00 00-5f e2 8a 6a fc 7f 00 00 ........_..j....
00000000005ff150/28d0: 28 00 00 00 00 00 00 00-00 00 00 00 00 00 00 00 (...............
00000000005ff160/28e0: b8 12 47 6a 02 00 00 00-00 00 00 00 00 00 00 00 ..Gj............
00000000005ff170/28f0: 00 00 00 00 00 00 00 00-ae ad 1f 6a fc 7f 00 00 ...........j....
00000000005ff180/2900: 20 d5 38 6a fc 7f 00 00-d8 d4 38 6a fc 7f 00 00  .8j......8j....
00000000005ff190/2910: 58 e9 5f 00 00 00 00 00-00 00 00 00 01 00 00 00 X._.............
00000000005ff1a0/2920: b8 d4 38 6a fc 7f 00 00-01 00 00 00 00 00 00 00 ..8j............
00000000005ff1b0/2930: 00 00 00 00 00 00 00 00-00 00 00 00 00 00 00 00 ................
00000000005ff1c0/2940: 00 00 00 00 00 00 00 00-00 00 00 00 00 00 00 00 ................
00000000005ff1d0/2950: 00 00 00 00 00 00 00 00-58 76 8d 00 00 00 00 00 ........Xv......
00000000005ff1e0/2960: 00 00 00 00 00 00 00 00-01 00 00 00 00 00 00 00 ................
00000000005ff1f0/2970: 50 d4 38 6a fc 7f 00 00-08 d4 38 6a fc 7f 00 00 P.8j......8j....
00000000005ff200/2980: 00 00 00 00 00 00 00 00-00 00 00 00 00 00 00 00 ................
**************** ****  <ditto x 2>
00000000005ff230/29b0: 00 00 00 00 00 00 00 00-b8 d3 38 6a fc 7f 00 00 ..........8j....
00000000005ff240/29c0: 70 d3 38 6a fc 7f 00 00-00 00 00 00 00 00 00 00 p.8j............
00000000005ff250/29d0: 00 00 00 00 00 00 00 00-00 00 00 00 00 00 00 00 ................
00000000005ff260/29e0: 00 00 00 00 00 00 00 00-98 d2 38 6a fc 7f 00 00 ..........8j....
00000000005ff270/29f0: 50 d2 38 6a fc 7f 00 00-58 e9 5f 00 00 00 00 00 P.8j....X._.....
00000000005ff280/2a00: 00 00 00 00 01 00 00 00-02 00 00 00 00 00 00 00 ................
00000000005ff290/2a10: 00 00 00 00 00 00 00 00-00 00 00 00 00 00 00 00 ................
00000000005ff2a0/2a20: 00 00 00 00 00 00 00 00-00 00 00 00 00 00 00 00 ................
00000000005ff2b0/2a30: 01 00 00 00 00 00 00 00-00 00 00 00 00 00 00 00 ................
00000000005ff2c0/2a40: 00 00 00 00 00 00 00 00-00 00 00 00 00 00 00 00 ................
00000000005ff2d0/2a50: 00 00 00 00 00 00 00 00-00 00 00 00 00 00 00 00 ................
00000000005ff2e0/2a60: e8 d1 38 6a fc 7f 00 00-a0 d1 38 6a fc 7f 00 00 ..8j......8j....
00000000005ff2f0/2a70: 00 00 00 00 00 00 00 00-00 00 00 00 00 00 00 00 ................
**************** ****  <ditto x 3>
00000000005ff330/2ab0: 00 00 00 00 00 00 00 00-18 d1 38 6a fc 7f 00 00 ..........8j....
00000000005ff340/2ac0: d0 d0 38 6a fc 7f 00 00-00 00 00 00 00 00 00 00 ..8j............
00000000005ff350/2ad0: 00 00 00 00 00 00 00 00-00 00 00 00 00 00 00 00 ................
**************** ****  <ditto x 4>
00000000005ff3a0/2b20: f0 e5 5f 00 00 00 00 00-20 f4 5f 00 00 00 00 00 .._..... ._.....
00000000005ff3b0/2b30: 2c 02 00 00 00 00 00 00-00 00 00 00 00 00 00 00 ,...............
00000000005ff3c0/2b40: 00 00 00 00 63 00 61 00-80 10 85 00 00 00 00 00 ....c.a.........
00000000005ff3d0/2b50: 00 00 00 00 34 00 33 00-50 e9 5f 00 00 00 00 00 ....4.3.P._.....
00000000005ff3e0/2b60: 01 00 00 00 00 00 00 00-00 00 00 00 6c 00 53 00 ............l.S.
00000000005ff3f0/2b70: 00 00 00 00 00 00 00 00-b0 f3 5f 00 00 00 00 00 .........._.....
00000000005ff400/2b80: 32 00 00 00 00 00 00 00-00 00 00 00 01 00 00 00 2...............
00000000005ff410/2b90: 00 00 00 00 00 00 00 00-00 00 00 00 00 00 00 00 ................
00000000005ff420/2ba0: d0 09 8e 00 00 00 00 00-00 00 00 00 00 00 00 00 ................
00000000005ff430/2bb0: 00 00 8b 00 00 00 00 00-50 37 44 6a fc 7f 00 00 ........P7Dj....
00000000005ff440/2bc0: 00 00 00 00 00 00 00 00-00 00 00 00 00 00 00 00 ................
00000000005ff450/2bd0: 00 00 00 00 00 00 00 00-00 00 00 00 00 00 00 00 ................
00000000005ff460/2be0: 00 00 00 00 00 00 00 00-0c 0a 8e 00 00 00 00 00 ................
00000000005ff470/2bf0: 00 00 00 00 00 00 00 00-00 00 00 00 00 00 00 00 ................
00000000005ff480/2c00: 00 00 00 00 02 00 00 00-00 00 00 00 00 00 00 00 ................
00000000005ff490/2c10: 04 00 00 00 00 00 00 00-00 00 00 00 00 00 00 00 ................
00000000005ff4a0/2c20: 00 00 00 00 00 00 00 00-00 00 00 00 00 00 00 00 ................
00000000005ff4b0/2c30: 00 00 00 00 00 00 00 00-00 00 00 00 00 00 00 00 ................
00000000005ff4c0/2c40: 40 40 44 6a fc 7f 00 00-8e 7a 93 d2 8d cb 82 43 @@Dj.....z.....C
00000000005ff4d0/2c50: 90 ba b7 da 78 a7 45 73-28 b6 9d 6a fc 7f 00 00 ....x.Es(..j....
00000000005ff4e0/2c60: 01 00 00 00 00 00 00 00-01 00 00 00 00 00 00 00 ................
00000000005ff4f0/2c70: 00 00 00 00 00 00 00 00-b0 f4 5f 00 00 00 00 00 .........._.....
00000000005ff500/2c80: c0 f4 5f 00 00 00 00 00-c8 f4 5f 00 00 00 00 00 .._......._.....
00000000005ff510/2c90: 1d c7 3f dd c0 26 e1 4f-bf 6f 67 f6 33 26 5b ba ..?..&.O.og.3&[.
00000000005ff520/2ca0: 00 00 00 00 00 00 00 00-6f 98 22 6a fc 7f 00 00 ........o."j....
00000000005ff530/2cb0: 00 00 00 00 00 00 00 00-00 00 00 00 00 00 00 00 ................
00000000005ff540/2cc0: 1d c7 3f dd c0 26 e1 4f-bf 6f 67 f6 33 26 5b ba ..?..&.O.og.3&[.
00000000005ff550/2cd0: 1d c7 3f dd c0 26 e1 4f-bf 6f 67 f6 33 26 5b ba ..?..&.O.og.3&[.
00000000005ff560/2ce0: 40 f5 5f 00 00 00 00 00-3e 0f e9 41 c1 56 33 46 @._.....>..A.V3F
00000000005ff570/2cf0: 81 c3 6e 8b ac 8b dd 70-c8 0d 3d 6a fc 7f 00 00 ..n....p..=j....
00000000005ff580/2d00: 08 00 00 00 00 00 00 00-01 00 00 00 00 00 00 00 ................
00000000005ff590/2d10: 00 00 00 00 00 00 00 00-f0 f3 5f 00 00 00 00 00 .........._.....
00000000005ff5a0/2d20: 00 00 00 00 00 00 00 00-50 f6 5f 00 00 00 00 00 ........P._.....
00000000005ff5b0/2d30: 10 00 00 00 00 00 00 00-44 91 22 6a fc 7f 00 00 ........D."j....
00000000005ff5c0/2d40: 00 40 44 6a fc 7f 00 00-10 f6 5f 00 00 00 00 00 .@Dj......_.....
00000000005ff5d0/2d50: 10 00 00 00 00 00 00 00-8a f0 87 6a fc 7f 00 00 ...........j....
00000000005ff5e0/2d60: 68 40 44 6a fc 7f 00 00-c6 9c 22 6a fc 7f 00 00 h@Dj......"j....
00000000005ff5f0/2d70: 00 40 44 6a fc 7f 00 00-48 3f 44 6a fc 7f 00 00 .@Dj....H?Dj....
00000000005ff600/2d80: 1d c7 3f dd c0 26 e1 4f-bf 6f 67 f6 33 26 5b ba ..?..&.O.og.3&[.
00000000005ff610/2d90: 10 b0 19 6a fc 7f 00 00-00 00 00 00 00 00 00 00 ...j............
00000000005ff620/2da0: 68 40 44 6a fc 7f 00 00-6d 6e 22 6a fc 7f 00 00 h@Dj....mn"j....
00000000005ff630/2db0: 28 3f 44 6a fc 7f 00 00-48 3f 44 6a fc 7f 00 00 (?Dj....H?Dj....
00000000005ff640/2dc0: 10 b0 19 6a fc 7f 00 00-10 b0 19 6a fc 7f 00 00 ...j.......j....
00000000005ff650/2dd0: 40 40 44 6a fc 7f 00 00-43 83 22 6a fc 7f 00 00 @@Dj....C."j....
00000000005ff660/2de0: 48 40 44 6a fc 7f 00 00-60 41 44 6a fc 7f 00 00 H@Dj....`ADj....
00000000005ff670/2df0: 10 b0 19 6a fc 7f 00 00-60 41 44 6a fc 7f 00 00 ...j....`ADj....
00000000005ff680/2e00: 02 00 00 00 00 00 00 00-47 99 23 6a fc 7f 00 00 ........G.#j....
00000000005ff690/2e10: 00 00 00 00 00 00 00 00-9d c5 42 02 00 00 00 00 ..........B.....
00000000005ff6a0/2e20: 9d c5 42 02 00 00 00 00-c0 f7 5f 00 00 00 00 00 ..B......._.....
00000000005ff6b0/2e30: 00 00 00 00 00 00 00 00-00 00 00 00 00 00 00 00 ................
00000000005ff6c0/2e40: 01 00 00 00 00 00 00 00-00 00 00 00 00 00 00 00 ................
00000000005ff6d0/2e50: 00 00 00 00 00 00 00 00-01 00 00 00 00 00 00 00 ................
00000000005ff6e0/2e60: 00 00 00 00 00 00 00 00-00 00 00 00 00 00 00 00 ................
00000000005ff6f0/2e70: a0 a6 48 15 f7 7f 00 00-00 00 00 00 00 00 00 00 ..H.............
00000000005ff700/2e80: 9d c5 42 02 00 00 00 00-11 98 23 6a fc 7f 00 00 ..B.......#j....
00000000005ff710/2e90: 01 00 00 00 00 00 00 00-00 00 00 00 00 00 00 00 ................
00000000005ff720/2ea0: 60 41 44 6a fc 7f 00 00-01 00 00 00 00 00 00 00 `ADj............
00000000005ff730/2eb0: 02 00 00 00 00 00 00 00-44 91 22 6a fc 7f 00 00 ........D."j....
00000000005ff740/2ec0: 90 40 44 6a fc 7f 00 00-90 f7 5f 00 00 00 00 00 .@Dj......_.....
00000000005ff750/2ed0: 00 00 00 00 00 00 00 00-40 0e d8 00 00 00 00 00 ........@.......
00000000005ff760/2ee0: 01 00 00 00 00 00 00 00-26 97 23 6a fc 7f 00 00 ........&.#j....
00000000005ff770/2ef0: 58 41 44 6a fc 7f 00 00-01 00 00 00 00 00 00 00 XADj............
00000000005ff780/2f00: 20 00 00 00 00 00 00 00-c0 0c d8 00 00 00 00 00  ...............
00000000005ff790/2f10: 2d 74 a7 a5 c6 1d 00 00-01 00 00 00 fc 7f 00 00 -t..............
00000000005ff7a0/2f20: 03 00 00 00 fc 7f 00 00-a0 a6 48 15 f7 7f 00 00 ..........H.....
00000000005ff7b0/2f30: b0 f3 3c 6a fc 7f 00 00-00 00 00 00 00 00 00 00 ..<j............
00000000005ff7c0/2f40: 00 00 00 00 00 00 00 00-00 00 00 00 00 00 00 00 ................
00000000005ff7d0/2f50: 01 00 00 00 00 00 00 00-f0 c0 8b 00 00 00 00 00 ................
00000000005ff7e0/2f60: 00 00 00 00 00 00 00 00-ea 81 1f 6a fc 7f 00 00 ...........j....
00000000005ff7f0/2f70: 00 00 00 00 00 00 00 00-1b 00 00 00 00 00 00 00 ................
00000000005ff800/2f80: 48 00 00 00 00 00 00 00-6c ff f2 2d fc 7f 00 00 H.......l..-....
00000000005ff810/2f90: 01 00 00 00 02 00 00 00-00 00 00 00 fc 7f 00 00 ................
00000000005ff820/2fa0: b0 f9 5f 00 00 00 00 00-00 00 00 00 00 00 00 00 .._.............
00000000005ff830/2fb0: 28 fa 5f 00 00 00 00 00-00 00 00 00 00 00 00 00 (._.............
00000000005ff840/2fc0: 00 00 00 00 00 00 00 00-b0 f9 5f 00 00 00 00 00 .........._.....
00000000005ff850/2fd0: 00 00 00 00 00 00 00 00-00 00 00 00 00 00 00 00 ................
00000000005ff860/2fe0: 28 fa 5f 00 00 00 00 00-80 43 45 68 fc 7f 00 00 (._......CEh....
00000000005ff870/2ff0: 00 00 00 00 00 00 00 00-f0 2b de 00 00 00 00 00 .........+......
00000000005ff880/3000: e1 58 a4 66 6c b8 00 00-b1 47 89 6a fc 7f 00 00 .X.fl....G.j....
00000000005ff890/3010: 00 fd 8b 00 00 00 00 00-00 00 00 00 00 00 00 00 ................
00000000005ff8a0/3020: f8 01 00 00 00 00 00 00-04 00 00 00 00 00 00 00 ................
00000000005ff8b0/3030: 00 00 00 00 00 00 00 00-04 00 00 00 00 00 00 00 ................
00000000005ff8c0/3040: 00 00 00 00 00 00 00 00-00 00 00 00 00 00 00 00 ................
00000000005ff8d0/3050: 18 00 00 00 00 00 00 00-01 00 00 00 00 00 00 00 ................
00000000005ff8e0/3060: 70 fa 5f 00 00 00 00 00-17 8d 42 77 00 00 00 00 p._.......Bw....
00000000005ff8f0/3070: 0d 70 a7 a5 c6 1d 00 00-18 00 00 00 00 00 00 00 .p..............
00000000005ff900/3080: 00 00 00 00 00 00 00 00-00 00 00 00 00 00 00 00 ................
00000000005ff910/3090: 00 00 00 00 00 00 00 00-02 00 00 00 00 00 00 00 ................
00000000005ff920/30a0: 00 00 00 00 00 00 00 00-a0 a6 48 15 f7 7f 00 00 ..........H.....
00000000005ff930/30b0: 48 fa 5f 00 00 00 00 00-01 00 00 00 00 00 00 00 H._.............
00000000005ff940/30c0: 00 00 00 00 00 00 00 00-3c 7f 1f 6a fc 7f 00 00 ........<..j....
00000000005ff950/30d0: 58 fa 5f 00 00 00 00 00-00 00 00 00 00 00 00 00 X._.............
00000000005ff960/30e0: f0 fa 5f 00 00 00 00 00-a7 49 b0 2d fc 7f 00 00 .._......I.-....
00000000005ff970/30f0: 01 00 00 00 00 00 00 00-b0 f9 5f 00 00 00 00 00 .........._.....
00000000005ff980/3100: 00 00 00 00 00 00 00 00-02 00 00 00 fc 7f 00 00 ................
00000000005ff990/3110: 9c 00 00 00 00 00 00 00-00 00 00 00 00 00 00 00 ................
00000000005ff9a0/3120: 01 00 00 00 00 00 00 00-d0 52 b0 2d fc 7f 00 00 .........R.-....
00000000005ff9b0/3130: 38 b6 43 15 f7 7f 00 00-00 00 00 00 00 00 00 00 8.C.............
00000000005ff9c0/3140: 02 40 00 80 00 00 00 00-f0 8a de 00 00 00 00 00 .@..............
00000000005ff9d0/3150: 02 00 00 00 00 00 00 00-20 ec 9a eb 08 80 ff ff ........ .......
00000000005ff9e0/3160: 02 00 00 00 00 00 00 00-ee 1e 37 15 f7 7f 00 00 ..........7.....
00000000005ff9f0/3170: d0 ad 43 15 f7 7f 00 00-01 00 00 00 00 00 00 00 ..C.............
00000000005ffa00/3180: f0 fa 5f 00 00 00 00 00-89 02 88 6a fc 7f 00 00 .._........j....
00000000005ffa10/3190: 48 fa 5f 00 00 00 00 00-80 12 8d 6a fc 7f 00 00 H._........j....
00000000005ffa20/31a0: 00 00 5f 00 00 00 00 00-f0 8a de 00 00 00 00 00 .._.............
00000000005ffa30/31b0: 00 00 00 00 00 00 00 00-00 00 00 00 00 00 00 00 ................
00000000005ffa40/31c0: 00 00 00 00 00 00 00 00-00 00 00 00 00 00 00 00 ................
00000000005ffa50/31d0: 98 b4 43 15 f7 7f 00 00-26 03 79 19 ff ff ff ff ..C.....&.y.....
00000000005ffa60/31e0: ff ff ff ff ff ff ff ff-00 00 00 00 00 00 00 00 ................
00000000005ffa70/31f0: 60 9a de 00 00 00 00 00-00 00 00 00 00 00 00 00 `...............
00000000005ffa80/3200: 00 00 00 00 00 00 00 00-01 2c de 00 00 00 00 00 .........,......
00000000005ffa90/3210: 00 00 00 00 00 00 00 00-00 00 00 00 00 00 00 00 ................
00000000005ffaa0/3220: 8a 2c de 00 00 00 00 00-00 00 00 00 00 00 00 00 .,..............
00000000005ffab0/3230: 00 00 00 00 00 00 00 00-00 00 00 00 00 00 00 00 ................
00000000005ffac0/3240: c0 57 8b 00 00 00 00 00-9c 00 00 00 00 00 00 00 .W..............
00000000005ffad0/3250: 00 00 00 00 00 00 00 00-00 00 00 00 00 00 00 00 ................
00000000005ffae0/3260: 00 00 00 00 00 00 00 00-11 00 01 10 00 00 00 00 ................
00000000005ffaf0/3270: fe ff ff ff ff ff ff ff-11 08 43 77 00 00 00 00 ..........Cw....
00000000005ffb00/3280: 70 91 43 15 f7 7f 00 00-78 26 de 00 00 00 00 00 p.C.....x&......
00000000005ffb10/3290: 70 91 43 15 f7 7f 00 00-00 01 00 00 00 00 00 00 p.C.............
00000000005ffb20/32a0: 00 00 00 00 00 00 00 00-00 00 00 00 00 00 00 00 ................
00000000005ffb30/32b0: 00 00 00 00 00 00 00 00-62 90 42 15 f7 7f 00 00 ........b.B.....
00000000005ffb40/32c0: 70 91 43 15 f7 7f 00 00-00 00 00 00 00 00 00 00 p.C.............
00000000005ffb50/32d0: 10 aa 43 15 f7 7f 00 00-2c 93 42 15 f7 7f 00 00 ..C.....,.B.....
00000000005ffb60/32e0: 00 aa 43 15 f7 7f 00 00-61 91 43 15 f7 7f 00 00 ..C.....a.C.....
00000000005ffb70/32f0: 28 aa 43 15 f7 7f 00 00-ff ff ff ff ff ff ff ff (.C.............
00000000005ffb80/3300: 72 55 76 d5 76 6f 00 00-00 00 00 00 00 00 00 00 rUv.vo..........
00000000005ffb90/3310: 00 00 00 00 00 00 00 00-00 00 00 00 00 00 00 00 ................
**************** ****  <ditto x 2>
00000000005ffbc0/3340: 00 00 00 00 00 00 00 00-62 94 42 15 f7 7f 00 00 ........b.B.....
00000000005ffbd0/3350: 01 00 00 00 00 00 00 00-a5 69 90 c2 23 03 00 00 .........i..#...
00000000005ffbe0/3360: 01 00 00 00 00 00 00 00-00 00 00 00 00 00 00 00 ................
00000000005ffbf0/3370: 00 00 00 00 00 00 00 00-34 70 ae 68 fc 7f 00 00 ........4p.h....
00000000005ffc00/3380: 00 00 00 00 00 00 00 00-00 00 00 00 00 00 00 00 ................
00000000005ffc10/3390: 00 00 00 00 00 00 00 00-00 00 00 00 00 00 00 00 ................
00000000005ffc20/33a0: 00 00 00 00 00 00 00 00-51 26 8c 6a fc 7f 00 00 ........Q&.j....
00000000005ffc30/33b0: 00 00 00 00 00 00 00 00-00 00 00 00 00 00 00 00 ................
**************** ****  <ditto x 2>
00000000005ffc60/33e0: 00 00 00 00 30 c6 6a 63-00 00 00 00 00 00 00 00 ....0.jc........
00000000005ffc70/33f0: 00 00 00 00 00 00 00 00-40 fd 50 68 fc 7f 00 00 ........@.Ph....
00000000005ffc80/3400: 80 ca 5f 00 00 00 00 00-00 00 70 3b 3a 0b fc 7f .._.......p;:...
00000000005ffc90/3410: 70 3b 3a 0b fc 7f 00 00-80 ca 5f 00 00 00 00 00 p;:......._.....
00000000005ffca0/3420: 00 00 00 00 00 00 00 00-00 00 00 00 00 00 00 00 ................
**************** ****  <ditto x 52>
00000000005ffff0/3770: 00 00 00 00 00 00 00 00-00 00 00 00 00 00 00 00 ................
Thread ID:   000000000000ae40
Thread name: main
Thread IPRT: 0000000000dea720

Loaded Modules:
Address range                    [*] Timestamp Path
00007ff715370000..00007ff7154c5fff   61e5535a  C:\Program Files\Oracle\VirtualBox\VBoxManage.exe
00007ffc6a870000..00007ffc6aa64fff   7b5414ec  C:\WINDOWS\SYSTEM32\ntdll.dll
00007ffc68ad0000..00007ffc68b8cfff   4e5c27cf  C:\WINDOWS\System32\KERNEL32.dll
00007ffc68400000..00007ffc686ccfff   458acb5b  C:\WINDOWS\System32\KERNELBASE.dll
00007ffc6a540000..00007ffc6a669fff   bc9e4cf1  C:\WINDOWS\System32\ole32.dll
00007ffc687c0000..00007ffc688bffff   2bd748bf  C:\WINDOWS\System32\ucrtbase.dll
00007ffc68b90000..00007ffc68cb4fff   b15afcee  C:\WINDOWS\System32\RPCRT4.dll
00007ffc6a140000..00007ffc6a493fff   33a10505  C:\WINDOWS\System32\combase.dll
00007ffc695b0000..00007ffc695d9fff   af7f8e80  C:\WINDOWS\System32\GDI32.dll
00007ffc67f80000..00007ffc67fa1fff   0dcd0213  C:\WINDOWS\System32\win32u.dll
0000000051da0000..0000000051e37fff   4d5f035c  C:\Program Files\Oracle\VirtualBox\MSVCP100.dll
00007ffc67fb0000..00007ffc680bafff   9f9e8c90  C:\WINDOWS\System32\gdi32full.dll
00007ffc686d0000..00007ffc6876cfff   39255ccf  C:\WINDOWS\System32\msvcp_win.dll
00000000773c0000..0000000077491fff   4d5f034a  C:\Program Files\Oracle\VirtualBox\MSVCR100.dll
00007ffc69660000..00007ffc697fffff   e1c9e1a1  C:\WINDOWS\System32\USER32.dll
00007ffc688f0000..00007ffc689bcfff   61567b6b  C:\WINDOWS\System32\OLEAUT32.dll
00007ffc69420000..00007ffc694cdfff   41386534  C:\WINDOWS\System32\ADVAPI32.dll
00007ffc698f0000..00007ffc6998dfff   564f9f39  C:\WINDOWS\System32\msvcrt.dll
00007ffc6a6e0000..00007ffc6a77bfff   53d57421  C:\WINDOWS\System32\sechost.dll
00007ffc41830000..00007ffc41895fff   61e55354  C:\Program Files\Oracle\VirtualBox\VBoxDDU.dll
00007ffc2d9e0000..00007ffc2dfcafff*  61e55350  C:\Program Files\Oracle\VirtualBox\VBoxRT.dll
00007ffc68de0000..00007ffc69250fff   a0be303b  C:\WINDOWS\System32\SETUPAPI.dll
00007ffc68770000..00007ffc687bdfff   04ed5855  C:\WINDOWS\System32\cfgmgr32.dll
00007ffc68170000..00007ffc68196fff   5eccdefc  C:\WINDOWS\System32\bcrypt.dll
00007ffc6a670000..00007ffc6a6dafff   aff3315b  C:\WINDOWS\System32\WS2_32.dll
00007ffc688c0000..00007ffc688effff   3a0e9944  C:\WINDOWS\System32\IMM32.DLL
00007ffc69990000..00007ffc6a0d3fff   a5393f46  C:\WINDOWS\System32\SHELL32.dll
00007ffc6a780000..00007ffc6a82cfff   4cd0af01  C:\WINDOWS\System32\shcore.dll
00007ffc65d50000..00007ffc65d61fff   f0713fcd  C:\WINDOWS\SYSTEM32\kernel.appcore.dll
00007ffc68370000..00007ffc683f1fff   e9d3d417  C:\WINDOWS\System32\bcryptPrimitives.dll
00007ffc689c0000..00007ffc68a68fff   db9f728a  C:\WINDOWS\System32\clbcatq.dll
00007ffc2d010000..00007ffc2d3d1fff   61e55355  C:\Program Files\Oracle\VirtualBox\VBoxC.dll
00007ffc3eb60000..00007ffc3ec4efff   61e55354  C:\Program Files\Oracle\VirtualBox\VBoxProxyStub.dll
00007ffc6a0e0000..00007ffc6a134fff   857f2e00  C:\WINDOWS\System32\SHLWAPI.dll

Potential code addresses on the stack:
Xcpt PC         : 00007ffc2dab2578 - 0x000d2578 bytes into C:\Program Files\Oracle\VirtualBox\VBoxRT.dll
00000000005fdf40: 00007ffc2dda9790 - 0x003c9790 bytes into C:\Program Files\Oracle\VirtualBox\VBoxRT.dll
00000000005fdf78: 00007ffc2d0be5cf - 0x000ae5cf bytes into C:\Program Files\Oracle\VirtualBox\VBoxC.dll
00000000005fdfb0: 00007ffc2d261370 - 0x00251370 bytes into C:\Program Files\Oracle\VirtualBox\VBoxC.dll
00000000005fdfe8: 00007ffc2db049a7 - 0x001249a7 bytes into C:\Program Files\Oracle\VirtualBox\VBoxRT.dll
00000000005fe038: 00007ffc2d0be762 - 0x000ae762 bytes into C:\Program Files\Oracle\VirtualBox\VBoxC.dll
00000000005fe068: 00007ffc2d11f945 - 0x0010f945 bytes into C:\Program Files\Oracle\VirtualBox\VBoxC.dll
00000000005fe078: 00007ffc6a164d26 - 0x00024d26 bytes into C:\WINDOWS\System32\combase.dll
00000000005fe098: 00007ffc2d11fa3b - 0x0010fa3b bytes into C:\Program Files\Oracle\VirtualBox\VBoxC.dll
00000000005fe0b8: 00007ffc6a1ee167 - 0x000ae167 bytes into C:\WINDOWS\System32\combase.dll
00000000005fe0e8: 00007ffc6a164664 - 0x00024664 bytes into C:\WINDOWS\System32\combase.dll
00000000005fe130: 00007ffc6a8e5b70 - 0x00075b70 bytes into C:\WINDOWS\SYSTEM32\ntdll.dll
00000000005fe188: 00007ffc6a3d0dc8 - 0x00290dc8 bytes into C:\WINDOWS\System32\combase.dll
00000000005fe1b8: 00007ffc687d5fbb - 0x00015fbb bytes into C:\WINDOWS\System32\ucrtbase.dll
00000000005fe1c8: 00007ffc6a8c07b0 - 0x000507b0 bytes into C:\WINDOWS\SYSTEM32\ntdll.dll
00000000005fe1d8: 00007ffc6a17c4c6 - 0x0003c4c6 bytes into C:\WINDOWS\System32\combase.dll
00000000005fe1f0: 00007ffc6a441ea0 - 0x00301ea0 bytes into C:\WINDOWS\System32\combase.dll
00000000005fe1f8: 00007ffc687e8540 - 0x00028540 bytes into C:\WINDOWS\System32\ucrtbase.dll
00000000005fe218: 00007ffc6a1699cc - 0x000299cc bytes into C:\WINDOWS\System32\combase.dll
00000000005fe238: 00007ffc6a2719b0 - 0x001319b0 bytes into C:\WINDOWS\System32\combase.dll
00000000005fe240: 00007ffc6a441e90 - 0x00301e90 bytes into C:\WINDOWS\System32\combase.dll
00000000005fe268: 00007ffc6a1ed040 - 0x000ad040 bytes into C:\WINDOWS\System32\combase.dll
00000000005fe2e8: 00007ffc6a441ea0 - 0x00301ea0 bytes into C:\WINDOWS\System32\combase.dll
00000000005fe2f8: 00007ffc6a18246c - 0x0004246c bytes into C:\WINDOWS\System32\combase.dll
00000000005fe308: 00007ffc684644d8 - 0x000644d8 bytes into C:\WINDOWS\System32\KERNELBASE.dll
00000000005fe3a8: 00007ffc6a183fd8 - 0x00043fd8 bytes into C:\WINDOWS\System32\combase.dll
00000000005fe3c8: 00007ffc6a441e90 - 0x00301e90 bytes into C:\WINDOWS\System32\combase.dll
00000000005fe3e0: 00007ffc6a441ea0 - 0x00301ea0 bytes into C:\WINDOWS\System32\combase.dll
00000000005fe3e8: 00007ffc6a205aff - 0x000c5aff bytes into C:\WINDOWS\System32\combase.dll
00000000005fe3f8: 00007ffc6a18a7b0 - 0x0004a7b0 bytes into C:\WINDOWS\System32\combase.dll
00000000005fe448: 00007ffc6a17f021 - 0x0003f021 bytes into C:\WINDOWS\System32\combase.dll
00000000005fe450: 00007ffc6a441e90 - 0x00301e90 bytes into C:\WINDOWS\System32\combase.dll
00000000005fe478: 00007ffc6a2719b0 - 0x001319b0 bytes into C:\WINDOWS\System32\combase.dll
00000000005fe488: 00007ffc6a1e9498 - 0x000a9498 bytes into C:\WINDOWS\System32\combase.dll
00000000005fe4b8: 00007ffc6a441e88 - 0x00301e88 bytes into C:\WINDOWS\System32\combase.dll
00000000005fe4d8: 00007ffc6a184390 - 0x00044390 bytes into C:\WINDOWS\System32\combase.dll
00000000005fe4e0: 00007ffc6a441e90 - 0x00301e90 bytes into C:\WINDOWS\System32\combase.dll
00000000005fe508: 00007ffc6a2719b0 - 0x001319b0 bytes into C:\WINDOWS\System32\combase.dll
00000000005fe528: 00007ffc6a1ed040 - 0x000ad040 bytes into C:\WINDOWS\System32\combase.dll
00000000005fe5b8: 00007ffc6a1e92af - 0x000a92af bytes into C:\WINDOWS\System32\combase.dll
00000000005fe5e8: 00007ffc6a8a7529 - 0x00037529 bytes into C:\WINDOWS\SYSTEM32\ntdll.dll
00000000005fe838: 00007ffc6a1c3810 - 0x00083810 bytes into C:\WINDOWS\System32\combase.dll
00000000005fe868: 00007ffc6a1ed040 - 0x000ad040 bytes into C:\WINDOWS\System32\combase.dll
00000000005fe8c8: 00007ffc6a17792d - 0x0003792d bytes into C:\WINDOWS\System32\combase.dll
00000000005fe8f8: 00007ffc6a1f973a - 0x000b973a bytes into C:\WINDOWS\System32\combase.dll
00000000005fe950: 00007ffc6a38db18 - 0x0024db18 bytes into C:\WINDOWS\System32\combase.dll
00000000005fe958: 00007ffc6a38daf8 - 0x0024daf8 bytes into C:\WINDOWS\System32\combase.dll
00000000005fe960: 00007ffc6a38dad8 - 0x0024dad8 bytes into C:\WINDOWS\System32\combase.dll
00000000005feac8: 00007ffc6a2015b0 - 0x000c15b0 bytes into C:\WINDOWS\System32\combase.dll
00000000005feb38: 00007ffc6a89df4c - 0x0002df4c bytes into C:\WINDOWS\SYSTEM32\ntdll.dll
00000000005feb88: 00007ffc6a38da40 - 0x0024da40 bytes into C:\WINDOWS\System32\combase.dll
00000000005feb90: 00007ffc6a38da10 - 0x0024da10 bytes into C:\WINDOWS\System32\combase.dll
00000000005feb98: 00007ffc6a38d9d0 - 0x0024d9d0 bytes into C:\WINDOWS\System32\combase.dll
00000000005fec20: 00007ffc6a38d950 - 0x0024d950 bytes into C:\WINDOWS\System32\combase.dll
00000000005fec28: 00007ffc6a38d930 - 0x0024d930 bytes into C:\WINDOWS\System32\combase.dll
00000000005fec30: 00007ffc6a38d910 - 0x0024d910 bytes into C:\WINDOWS\System32\combase.dll
00000000005fed88: 00007ffc6a89b3c7 - 0x0002b3c7 bytes into C:\WINDOWS\SYSTEM32\ntdll.dll
00000000005fee28: 00007ffc6a895ba1 - 0x00025ba1 bytes into C:\WINDOWS\SYSTEM32\ntdll.dll
00000000005fee38: 00007ffc6a15b32e - 0x0001b32e bytes into C:\WINDOWS\System32\combase.dll
00000000005fee58: 00007ffc6a38d8c0 - 0x0024d8c0 bytes into C:\WINDOWS\System32\combase.dll
00000000005fee60: 00007ffc6a38d8a0 - 0x0024d8a0 bytes into C:\WINDOWS\System32\combase.dll
00000000005fee70: 00007ffc6a38d858 - 0x0024d858 bytes into C:\WINDOWS\System32\combase.dll
00000000005feec8: 00007ffc6842fd74 - 0x0002fd74 bytes into C:\WINDOWS\System32\KERNELBASE.dll
00000000005fef38: 00007ffc6842fa41 - 0x0002fa41 bytes into C:\WINDOWS\System32\KERNELBASE.dll
00000000005fef58: 00007ffc6842f553 - 0x0002f553 bytes into C:\WINDOWS\System32\KERNELBASE.dll
00000000005fef78: 00007ffc6a38d808 - 0x0024d808 bytes into C:\WINDOWS\System32\combase.dll
00000000005fef80: 00007ffc6a38d7c0 - 0x0024d7c0 bytes into C:\WINDOWS\System32\combase.dll
00000000005fefe0: 00007ffc6a38d708 - 0x0024d708 bytes into C:\WINDOWS\System32\combase.dll
00000000005fefe8: 00007ffc6a38d6e0 - 0x0024d6e0 bytes into C:\WINDOWS\System32\combase.dll
00000000005feff0: 00007ffc6a38d698 - 0x0024d698 bytes into C:\WINDOWS\System32\combase.dll
00000000005ff040: 00007ffc6a38d630 - 0x0024d630 bytes into C:\WINDOWS\System32\combase.dll
00000000005ff048: 00007ffc6a38d5e8 - 0x0024d5e8 bytes into C:\WINDOWS\System32\combase.dll
00000000005ff088: 00007ffc6a38d5c8 - 0x0024d5c8 bytes into C:\WINDOWS\System32\combase.dll
00000000005ff090: 00007ffc6a38d580 - 0x0024d580 bytes into C:\WINDOWS\System32\combase.dll
00000000005ff138: 00007ffc6a89b3c7 - 0x0002b3c7 bytes into C:\WINDOWS\SYSTEM32\ntdll.dll
00000000005ff148: 00007ffc6a8ae25f - 0x0003e25f bytes into C:\WINDOWS\SYSTEM32\ntdll.dll
00000000005ff178: 00007ffc6a1fadae - 0x000badae bytes into C:\WINDOWS\System32\combase.dll
00000000005ff180: 00007ffc6a38d520 - 0x0024d520 bytes into C:\WINDOWS\System32\combase.dll
00000000005ff188: 00007ffc6a38d4d8 - 0x0024d4d8 bytes into C:\WINDOWS\System32\combase.dll
00000000005ff1a0: 00007ffc6a38d4b8 - 0x0024d4b8 bytes into C:\WINDOWS\System32\combase.dll
00000000005ff1f0: 00007ffc6a38d450 - 0x0024d450 bytes into C:\WINDOWS\System32\combase.dll
00000000005ff1f8: 00007ffc6a38d408 - 0x0024d408 bytes into C:\WINDOWS\System32\combase.dll
00000000005ff238: 00007ffc6a38d3b8 - 0x0024d3b8 bytes into C:\WINDOWS\System32\combase.dll
00000000005ff240: 00007ffc6a38d370 - 0x0024d370 bytes into C:\WINDOWS\System32\combase.dll
00000000005ff268: 00007ffc6a38d298 - 0x0024d298 bytes into C:\WINDOWS\System32\combase.dll
00000000005ff270: 00007ffc6a38d250 - 0x0024d250 bytes into C:\WINDOWS\System32\combase.dll
00000000005ff2e0: 00007ffc6a38d1e8 - 0x0024d1e8 bytes into C:\WINDOWS\System32\combase.dll
00000000005ff2e8: 00007ffc6a38d1a0 - 0x0024d1a0 bytes into C:\WINDOWS\System32\combase.dll
00000000005ff338: 00007ffc6a38d118 - 0x0024d118 bytes into C:\WINDOWS\System32\combase.dll
00000000005ff340: 00007ffc6a38d0d0 - 0x0024d0d0 bytes into C:\WINDOWS\System32\combase.dll
00000000005ff438: 00007ffc6a443750 - 0x00303750 bytes into C:\WINDOWS\System32\combase.dll
00000000005ff4c0: 00007ffc6a444040 - 0x00304040 bytes into C:\WINDOWS\System32\combase.dll
00000000005ff4d8: 00007ffc6a9db628 - 0x0016b628 bytes into C:\WINDOWS\SYSTEM32\ntdll.dll
00000000005ff528: 00007ffc6a22986f - 0x000e986f bytes into C:\WINDOWS\System32\combase.dll
00000000005ff578: 00007ffc6a3d0dc8 - 0x00290dc8 bytes into C:\WINDOWS\System32\combase.dll
00000000005ff5b8: 00007ffc6a229144 - 0x000e9144 bytes into C:\WINDOWS\System32\combase.dll
00000000005ff5c0: 00007ffc6a444000 - 0x00304000 bytes into C:\WINDOWS\System32\combase.dll
00000000005ff5d8: 00007ffc6a87f08a - 0x0000f08a bytes into C:\WINDOWS\SYSTEM32\ntdll.dll
00000000005ff5e0: 00007ffc6a444068 - 0x00304068 bytes into C:\WINDOWS\System32\combase.dll
00000000005ff5e8: 00007ffc6a229cc6 - 0x000e9cc6 bytes into C:\WINDOWS\System32\combase.dll
00000000005ff5f0: 00007ffc6a444000 - 0x00304000 bytes into C:\WINDOWS\System32\combase.dll
00000000005ff5f8: 00007ffc6a443f48 - 0x00303f48 bytes into C:\WINDOWS\System32\combase.dll
00000000005ff610: 00007ffc6a19b010 - 0x0005b010 bytes into C:\WINDOWS\System32\combase.dll
00000000005ff620: 00007ffc6a444068 - 0x00304068 bytes into C:\WINDOWS\System32\combase.dll
00000000005ff628: 00007ffc6a226e6d - 0x000e6e6d bytes into C:\WINDOWS\System32\combase.dll
00000000005ff630: 00007ffc6a443f28 - 0x00303f28 bytes into C:\WINDOWS\System32\combase.dll
00000000005ff638: 00007ffc6a443f48 - 0x00303f48 bytes into C:\WINDOWS\System32\combase.dll
00000000005ff640: 00007ffc6a19b010 - 0x0005b010 bytes into C:\WINDOWS\System32\combase.dll
00000000005ff648: 00007ffc6a19b010 - 0x0005b010 bytes into C:\WINDOWS\System32\combase.dll
00000000005ff650: 00007ffc6a444040 - 0x00304040 bytes into C:\WINDOWS\System32\combase.dll
00000000005ff658: 00007ffc6a228343 - 0x000e8343 bytes into C:\WINDOWS\System32\combase.dll
00000000005ff660: 00007ffc6a444048 - 0x00304048 bytes into C:\WINDOWS\System32\combase.dll
00000000005ff668: 00007ffc6a444160 - 0x00304160 bytes into C:\WINDOWS\System32\combase.dll
00000000005ff670: 00007ffc6a19b010 - 0x0005b010 bytes into C:\WINDOWS\System32\combase.dll
00000000005ff678: 00007ffc6a444160 - 0x00304160 bytes into C:\WINDOWS\System32\combase.dll
00000000005ff688: 00007ffc6a239947 - 0x000f9947 bytes into C:\WINDOWS\System32\combase.dll
00000000005ff6f0: 00007ff71548a6a0 - 0x0011a6a0 bytes into C:\Program Files\Oracle\VirtualBox\VBoxManage.exe
00000000005ff708: 00007ffc6a239811 - 0x000f9811 bytes into C:\WINDOWS\System32\combase.dll
00000000005ff720: 00007ffc6a444160 - 0x00304160 bytes into C:\WINDOWS\System32\combase.dll
00000000005ff738: 00007ffc6a229144 - 0x000e9144 bytes into C:\WINDOWS\System32\combase.dll
00000000005ff740: 00007ffc6a444090 - 0x00304090 bytes into C:\WINDOWS\System32\combase.dll
00000000005ff768: 00007ffc6a239726 - 0x000f9726 bytes into C:\WINDOWS\System32\combase.dll
00000000005ff770: 00007ffc6a444158 - 0x00304158 bytes into C:\WINDOWS\System32\combase.dll
00000000005ff7a8: 00007ff71548a6a0 - 0x0011a6a0 bytes into C:\Program Files\Oracle\VirtualBox\VBoxManage.exe
00000000005ff7b0: 00007ffc6a3cf3b0 - 0x0028f3b0 bytes into C:\WINDOWS\System32\combase.dll
00000000005ff7e8: 00007ffc6a1f81ea - 0x000b81ea bytes into C:\WINDOWS\System32\combase.dll
00000000005ff808: 00007ffc2df2ff6c - 0x0054ff6c bytes into C:\Program Files\Oracle\VirtualBox\VBoxRT.dll
00000000005ff868: 00007ffc68454380 - 0x00054380 bytes into C:\WINDOWS\System32\KERNELBASE.dll
00000000005ff888: 00007ffc6a8947b1 - 0x000247b1 bytes into C:\WINDOWS\SYSTEM32\ntdll.dll
00000000005ff8e8: 0000000077428d17 - 0x00068d17 bytes into C:\Program Files\Oracle\VirtualBox\MSVCR100.dll
00000000005ff928: 00007ff71548a6a0 - 0x0011a6a0 bytes into C:\Program Files\Oracle\VirtualBox\VBoxManage.exe
00000000005ff948: 00007ffc6a1f7f3c - 0x000b7f3c bytes into C:\WINDOWS\System32\combase.dll
00000000005ff968: 00007ffc2db049a7 - 0x001249a7 bytes into C:\Program Files\Oracle\VirtualBox\VBoxRT.dll
00000000005ff9a8: 00007ffc2db052d0 - 0x001252d0 bytes into C:\Program Files\Oracle\VirtualBox\VBoxRT.dll
00000000005ff9b0: 00007ff71543b638 - 0x000cb638 bytes into C:\Program Files\Oracle\VirtualBox\VBoxManage.exe
00000000005ff9e8: 00007ff715371eee - 0x00001eee bytes into C:\Program Files\Oracle\VirtualBox\VBoxManage.exe
00000000005ff9f0: 00007ff71543add0 - 0x000cadd0 bytes into C:\Program Files\Oracle\VirtualBox\VBoxManage.exe
00000000005ffa08: 00007ffc6a880289 - 0x00010289 bytes into C:\WINDOWS\SYSTEM32\ntdll.dll
00000000005ffa18: 00007ffc6a8d1280 - 0x00061280 bytes into C:\WINDOWS\SYSTEM32\ntdll.dll
00000000005ffa50: 00007ff71543b498 - 0x000cb498 bytes into C:\Program Files\Oracle\VirtualBox\VBoxManage.exe
00000000005ffaf8: 0000000077430811 - 0x00070811 bytes into C:\Program Files\Oracle\VirtualBox\MSVCR100.dll
00000000005ffb00: 00007ff715439170 - 0x000c9170 bytes into C:\Program Files\Oracle\VirtualBox\VBoxManage.exe
00000000005ffb10: 00007ff715439170 - 0x000c9170 bytes into C:\Program Files\Oracle\VirtualBox\VBoxManage.exe
00000000005ffb38: 00007ff715429062 - 0x000b9062 bytes into C:\Program Files\Oracle\VirtualBox\VBoxManage.exe
00000000005ffb40: 00007ff715439170 - 0x000c9170 bytes into C:\Program Files\Oracle\VirtualBox\VBoxManage.exe
00000000005ffb50: 00007ff71543aa10 - 0x000caa10 bytes into C:\Program Files\Oracle\VirtualBox\VBoxManage.exe
00000000005ffb58: 00007ff71542932c - 0x000b932c bytes into C:\Program Files\Oracle\VirtualBox\VBoxManage.exe
00000000005ffb60: 00007ff71543aa00 - 0x000caa00 bytes into C:\Program Files\Oracle\VirtualBox\VBoxManage.exe
00000000005ffb68: 00007ff715439161 - 0x000c9161 bytes into C:\Program Files\Oracle\VirtualBox\VBoxManage.exe
00000000005ffb70: 00007ff71543aa28 - 0x000caa28 bytes into C:\Program Files\Oracle\VirtualBox\VBoxManage.exe
00000000005ffbc8: 00007ff715429462 - 0x000b9462 bytes into C:\Program Files\Oracle\VirtualBox\VBoxManage.exe
00000000005ffbf8: 00007ffc68ae7034 - 0x00017034 bytes into C:\WINDOWS\System32\KERNEL32.dll
00000000005ffc28: 00007ffc6a8c2651 - 0x00052651 bytes into C:\WINDOWS\SYSTEM32\ntdll.dll
00000000005ffc78: 00007ffc6850fd40 - 0x0010fd40 bytes into C:\WINDOWS\System32\KERNELBASE.dll
